# python3 diarization/VB_resegmentation.py --max-speakers 10 --max-iters 10 --downsample 25 --alphaQInit 100.0 --sparsityThr 0.001 --epsilon 1e-6 --minDur 1 --loopProb 0.9 --statScale 0.2 --llScale 1.0 --channel 0 --initialize 1 data/callhome/split4/2 exp/example_models_folder/fulltest.rttm exp/VB/tmp exp/VB/tmp/dubm.tmp exp/VB/tmp/ie.tmp 
# Started at Fri Sep  4 15:56:36 CST 2020
#
Namespace(alphaQInit=100.0, channel=0, data_dir='data/callhome/split4/2', downsample=25, dubm_model='exp/VB/tmp/dubm.tmp', epsilon=1e-06, ie_model='exp/VB/tmp/ie.tmp', init_rttm_filename='exp/example_models_folder/fulltest.rttm', initialize=1, llScale=1.0, loopProb=0.9, max_iters=10, max_speakers=10, minDur=1, output_dir='exp/VB/tmp', sparsityThr=0.001, statScale=0.2)
125 utterances in total
Sparsity:  71990 0.010182898953505215
Sparsity:  67086 0.011861972093970668
Sparsity:  391332 0.008680131652167989
Sparsity:  63389 0.00947258153213466
Sparsity:  124420 0.010187298251865515
Sparsity:  50488 0.009407496183934364
Sparsity:  359841 0.011636771526673952
Sparsity:  84478 0.010579385339189536
Sparsity:  64446 0.011323416134400863
Sparsity:  273364 0.011382153630510787
Sparsity:  80262 0.010048828125
Sparsity:  91485 0.012547868021418539
Sparsity:  67096 0.006775249457139903
Sparsity:  50432 0.007859878710501117
Sparsity:  70966 0.011298130807792631
Sparsity:  81539 0.010348009056205329
Sparsity:  78015 0.010361284297225623
Sparsity:  64070 0.01100006318125879
Sparsity:  373616 0.01129595588235294
Sparsity:  64112 0.009673883652657603
Sparsity:  208105 0.008238508961508838
Sparsity:  42988 0.00830474159248269
Sparsity:  94382 0.008910471952339521
Sparsity:  55434 0.00593973728604345
Sparsity:  81442 0.012784633198038901
Sparsity:  56922 0.007698087609056917
Sparsity:  81281 0.00982375947555693
Sparsity:  47957 0.00877680056456147
Sparsity:  146637 0.01210688157866926
Sparsity:  49276 0.00828388599586848
Sparsity:  66229 0.011040757564441788
Sparsity:  68381 0.008939534178380188
Sparsity:  80770 0.00974391020691785
Sparsity:  574087 0.011736556605625104
Sparsity:  64267 0.009860289424587589
Sparsity:  46835 0.008079368430930932
Sparsity:  42122 0.007898380496351767
Sparsity:  230122 0.00718832215798228
Sparsity:  59969 0.010165505391859052
Sparsity:  43702 0.0073090827838671
Sparsity:  357258 0.011376182523314203
Sparsity:  63534 0.007829012223974764
Sparsity:  44310 0.00772705078125
Sparsity:  120747 0.009332567644440048
Sparsity:  44559 0.007016228383989036
Sparsity:  68274 0.010244902907959435
Sparsity:  54993 0.00801434137628712
Sparsity:  45890 0.00891475096976328
Sparsity:  47112 0.00782578882463004
Sparsity:  95635 0.0071505669311308475
Sparsity:  60543 0.012103177776356193
Sparsity:  106436 0.011636968903940887
Sparsity:  214982 0.008761878025750177
Sparsity:  104300 0.010744247758438819
Sparsity:  255388 0.008154400645741376
Sparsity:  252578 0.009170813620055026
Sparsity:  247287 0.008020032909484906
Sparsity:  42768 0.007327302631578947
Sparsity:  427084 0.011114865652648971
Sparsity:  91325 0.00955173720815037
Sparsity:  117478 0.0112940154927151
Sparsity:  260070 0.009317091946696504
Sparsity:  171317 0.007244381995864727
Sparsity:  78774 0.011676948144353369
Sparsity:  58348 0.009387227141680395
Sparsity:  98817 0.011365089690554706
Sparsity:  85281 0.012026314305054152
Sparsity:  215624 0.009233920035958604
Sparsity:  62056 0.012166545372415178
Sparsity:  57360 0.009924809532246634
Sparsity:  102852 0.008715845734987852
Sparsity:  76051 0.011915378579736884
Sparsity:  224199 0.0080698955415392
Sparsity:  81576 0.011680947580645161
Sparsity:  97157 0.010230740005660988
Sparsity:  183531 0.007569772022954766
Sparsity:  63277 0.010793702237991266
Sparsity:  61428 0.011605393934997097
Sparsity:  76966 0.01018456766598916
Sparsity:  56322 0.007386778555600322
Sparsity:  85543 0.012901634893822393
Sparsity:  67539 0.00805324233058608
Sparsity:  63728 0.008079238608334415
Sparsity:  64302 0.008830673867951062
Sparsity:  68127 0.012013411599404117
Sparsity:  50644 0.009104755384756996
Sparsity:  75825 0.009604131201361868
Sparsity:  112407 0.010131283889017075
Sparsity:  346599 0.010194740698698834
Sparsity:  53716 0.007877613943535065
Sparsity:  66778 0.009100319651828077
Sparsity:  74875 0.008165283884701285
Sparsity:  312245 0.009688211152459172
Sparsity:  73080 0.008394164608327452
Sparsity:  455588 0.007819846317778364
Sparsity:  48243 0.008458223462746859
Sparsity:  78152 0.010326114531186578
Sparsity:  119821 0.010013066516558275
Sparsity:  336277 0.00835080757310871
Sparsity:  274428 0.010858836861831443
Sparsity:  65860 0.010869766139935778
Sparsity:  161032 0.009442645160321844
Sparsity:  619492 0.010972769185076359
Sparsity:  57675 0.012076166849807033
Sparsity:  113533 0.01133197775066435
Sparsity:  98730 0.0069423974384360595
Sparsity:  53974 0.009806322674418605
Sparsity:  133989 0.01027876141496465
Sparsity:  82732 0.010185699539838628
Sparsity:  54761 0.008696948944950399
Sparsity:  194731 0.011276505703717979
Sparsity:  68865 0.012453884548611112
Sparsity:  91327 0.011766032115765171
Sparsity:  61716 0.010812617734122712
Sparsity:  50129 0.008119771365483497
Sparsity:  116738 0.007783297134225439
Sparsity:  87151 0.00825573755335144
Sparsity:  55306 0.008627758087060703
Sparsity:  142951 0.008350316182408182
Sparsity:  74405 0.009793925436379566
Sparsity:  35547 0.006378880409316428
Sparsity:  55361 0.009804765426641276
Sparsity:  149017 0.007575451018349818
Sparsity:  117540 0.010220386096518565
Sparsity:  68900 0.008889570121548422
# Accounting: time=6767 threads=1
# Ended (code 0) at Fri Sep  4 17:49:23 CST 2020, elapsed time 6767 seconds
