# python3 diarization/VB_resegmentation.py --max-speakers 10 --max-iters 10 --downsample 25 --alphaQInit 100.0 --sparsityThr 0.001 --epsilon 1e-6 --minDur 1 --loopProb 0.9 --statScale 0.2 --llScale 1.0 --channel 0 --initialize 1 data/callhome/split4/4 exp/example_models_folder/fulltest.rttm exp/VB/tmp exp/VB/tmp/dubm.tmp exp/VB/tmp/ie.tmp 
# Started at Fri Sep  4 15:56:36 CST 2020
#
Namespace(alphaQInit=100.0, channel=0, data_dir='data/callhome/split4/4', downsample=25, dubm_model='exp/VB/tmp/dubm.tmp', epsilon=1e-06, ie_model='exp/VB/tmp/ie.tmp', init_rttm_filename='exp/example_models_folder/fulltest.rttm', initialize=1, llScale=1.0, loopProb=0.9, max_iters=10, max_speakers=10, minDur=1, output_dir='exp/VB/tmp', sparsityThr=0.001, statScale=0.2)
125 utterances in total
Sparsity:  63095 0.008596011570521764
Sparsity:  71659 0.008955655514141285
Sparsity:  157144 0.007873021624256104
Sparsity:  51231 0.008148253002850162
Sparsity:  186832 0.008185057870889597
Sparsity:  76245 0.009622384054342207
Sparsity:  78455 0.008302580292316862
Sparsity:  195270 0.009573440402379637
Sparsity:  54832 0.008939378130217028
Sparsity:  66719 0.012472295834130934
Sparsity:  115024 0.009004980359147026
Sparsity:  75743 0.009366566219767
Sparsity:  61290 0.010254157208326195
Sparsity:  141829 0.009503559956943873
Sparsity:  93456 0.011558463145896657
Sparsity:  47015 0.007464328716875305
Sparsity:  77302 0.01327417520221558
Sparsity:  43014 0.01041037407063197
Sparsity:  39669 0.007732386788922156
Sparsity:  58180 0.013315304956644012
Sparsity:  88674 0.012298779026416701
Sparsity:  58046 0.011298693816025513
Sparsity:  60545 0.00997065372048904
Sparsity:  45715 0.012174408150395418
Sparsity:  52130 0.010859258345776451
Sparsity:  117797 0.010275670639794551
Sparsity:  58112 0.009797997237569061
Sparsity:  97655 0.012425564942996743
Sparsity:  63404 0.010548205919931856
Sparsity:  463313 0.00922490879284156
Sparsity:  80967 0.009387312826487
Sparsity:  91654 0.009323527018229166
Sparsity:  69540 0.009345005676345122
Sparsity:  81181 0.010695941758297356
Sparsity:  120092 0.010748542182201448
Sparsity:  130954 0.00743689030152361
Sparsity:  113208 0.010034006852423307
Sparsity:  45766 0.008508159028174377
Sparsity:  67826 0.009997936320754717
Sparsity:  54274 0.008548702116935484
Sparsity:  299875 0.008289130167496958
Sparsity:  68876 0.009595109664764623
Sparsity:  80475 0.008680016256626906
Sparsity:  285561 0.010017176050235282
Sparsity:  65174 0.007613215834330144
Sparsity:  44193 0.008854580747332787
Sparsity:  81655 0.010481231721543112
Sparsity:  338828 0.010025351272534464
Sparsity:  109239 0.012648649625029642
Sparsity:  59200 0.007396686284544524
Sparsity:  55689 0.008408130652829313
Sparsity:  58464 0.009703220598232495
Sparsity:  66686 0.00990012874353907
Sparsity:  65077 0.008220380004203855
Sparsity:  92854 0.008956710230640064
Sparsity:  84568 0.007800693066968924
Sparsity:  49580 0.007823229722087575
Sparsity:  73759 0.01412081423985493
Sparsity:  64544 0.010287457156846744
Sparsity:  74971 0.010806474861623616
Sparsity:  82151 0.010611849991732805
Sparsity:  44106 0.008774142518842941
Sparsity:  41200 0.00634411463260801
Sparsity:  491650 0.010289684171470822
Sparsity:  211099 0.013088975694444444
Sparsity:  37349 0.007701358279666385
Sparsity:  103316 0.006825961115621406
Sparsity:  104118 0.012171143688652143
Sparsity:  54237 0.009305309260804638
Sparsity:  64672 0.009756874710335239
Sparsity:  135016 0.009347859801488834
Sparsity:  56655 0.007949302936422414
Sparsity:  55137 0.00809208394386835
Sparsity:  80326 0.011518848660058737
Sparsity:  93307 0.009259233531907326
Sparsity:  54944 0.0083837890625
Sparsity:  63974 0.009615916480683393
Sparsity:  54840 0.008689710773973715
Sparsity:  174726 0.009674596551284232
Sparsity:  105134 0.009089855854360337
Sparsity:  79598 0.010495871168647043
Sparsity:  294659 0.009992809059852063
Sparsity:  59521 0.009524164601425529
Sparsity:  97152 0.008472495088408645
Sparsity:  60066 0.009340478204617834
Sparsity:  56455 0.009461444300240261
Sparsity:  108247 0.012844466699574727
Sparsity:  69429 0.008989890985481305
Sparsity:  61204 0.01131141772331567
Sparsity:  58562 0.008945636340528704
Sparsity:  75397 0.01190843972383956
Sparsity:  82161 0.009394140213382508
Sparsity:  50242 0.007126282225853304
Sparsity:  47380 0.008801508702682138
Sparsity:  55312 0.007619639582451686
Sparsity:  57666 0.008613406718415418
Sparsity:  83885 0.012259644614262197
Sparsity:  82852 0.009713103991596639
Sparsity:  87376 0.011267413838637264
Sparsity:  41170 0.0059133811038388
Sparsity:  224799 0.010335700256002825
Sparsity:  73248 0.010959284510494868
Sparsity:  95263 0.008523939292422577
Sparsity:  78822 0.010298984395905807
Sparsity:  80083 0.011294924131643558
Sparsity:  57783 0.008024560713523891
Sparsity:  90280 0.010689144338021338
Sparsity:  85936 0.012350533480500367
Sparsity:  63232 0.009168522642910171
Sparsity:  77700 0.009711878439779853
Sparsity:  69127 0.010503630922281001
Sparsity:  108847 0.011044877227504156
Sparsity:  71261 0.011447741456242803
Sparsity:  44165 0.006788900175114119
Sparsity:  36273 0.007487392002219404
Sparsity:  357652 0.012426867261438839
Sparsity:  86116 0.011460569126464978
Sparsity:  77653 0.010718446333922261
Sparsity:  56935 0.0088170926003013
Sparsity:  45677 0.008257394541373565
Sparsity:  71830 0.008174628175620558
Sparsity:  52010 0.008032740095682429
Sparsity:  83647 0.011667836514426511
Sparsity:  59313 0.010504688350108813
Sparsity:  62134 0.010844992739052726
# Accounting: time=6665 threads=1
# Ended (code 0) at Fri Sep  4 17:47:41 CST 2020, elapsed time 6665 seconds
