# python3 diarization/VB_resegmentation.py --max-speakers 10 --max-iters 10 --downsample 25 --alphaQInit 100.0 --sparsityThr 0.001 --epsilon 1e-6 --minDur 1 --loopProb 0.9 --statScale 0.2 --llScale 1.0 --channel 0 --initialize 1 data/callhome/split4/1 exp/example_models_folder/fulltest.rttm exp/VB/tmp exp/VB/tmp/dubm.tmp exp/VB/tmp/ie.tmp 
# Started at Fri Sep  4 15:56:36 CST 2020
#
Namespace(alphaQInit=100.0, channel=0, data_dir='data/callhome/split4/1', downsample=25, dubm_model='exp/VB/tmp/dubm.tmp', epsilon=1e-06, ie_model='exp/VB/tmp/ie.tmp', init_rttm_filename='exp/example_models_folder/fulltest.rttm', initialize=1, llScale=1.0, loopProb=0.9, max_iters=10, max_speakers=10, minDur=1, output_dir='exp/VB/tmp', sparsityThr=0.001, statScale=0.2)
125 utterances in total
Sparsity:  58427 0.008693831660444918
Sparsity:  40441 0.010087653655810984
Sparsity:  69365 0.010786506021098726
Sparsity:  326989 0.011243449009277841
Sparsity:  112402 0.011586191484589402
Sparsity:  47339 0.007459979375100855
Sparsity:  73098 0.007342600866591237
Sparsity:  199817 0.009829427214512392
Sparsity:  87352 0.011355789070820022
Sparsity:  158588 0.009107385695383712
Sparsity:  218791 0.008766744047985393
Sparsity:  79502 0.010103939598516397
Sparsity:  49829 0.008417424807559247
Sparsity:  88625 0.013052005966294676
Sparsity:  45877 0.007550009742585103
Sparsity:  90475 0.00991521627062058
Sparsity:  44067 0.007800286330886351
Sparsity:  83557 0.008872309754539523
Sparsity:  197916 0.010621968770608925
Sparsity:  69571 0.011959237755236754
Sparsity:  79533 0.011433673680627116
Sparsity:  77258 0.011345453477443609
Sparsity:  64704 0.00903323802716226
Sparsity:  41493 0.008385866683050497
Sparsity:  62261 0.01104683099791061
Sparsity:  56350 0.007798936631944444
Sparsity:  558794 0.013660531845320048
Sparsity:  62314 0.00989327192732889
Sparsity:  60529 0.009172928547873991
Sparsity:  178045 0.00852857557818708
Sparsity:  74269 0.009067173435741968
Sparsity:  50820 0.009383419597277369
Sparsity:  73803 0.010108449114656382
Sparsity:  84201 0.009601534220282579
Sparsity:  348018 0.010141178889535404
Sparsity:  109868 0.010221298347146805
Sparsity:  49035 0.007528021095346644
Sparsity:  125328 0.009672089853010905
Sparsity:  67672 0.009351342507428894
Sparsity:  504501 0.008783526016874365
Sparsity:  41397 0.007738659611887443
Sparsity:  36944 0.006665088675411048
Sparsity:  167887 0.009494565001013436
Sparsity:  68631 0.010534809955595725
Sparsity:  82969 0.010768795064128124
Sparsity:  64002 0.010045315513500483
Sparsity:  93926 0.009139558526803508
Sparsity:  66541 0.008937071284898913
Sparsity:  58319 0.009228998288364933
Sparsity:  68463 0.009302685186795603
Sparsity:  61660 0.007981819160922587
Sparsity:  151648 0.010886044545721847
Sparsity:  109100 0.012801029526613
Sparsity:  107561 0.012348934759287562
Sparsity:  51871 0.00915842947703851
Sparsity:  38151 0.007799212044693322
Sparsity:  101454 0.008290199303405573
Sparsity:  236374 0.008928711730746915
Sparsity:  381457 0.008242064773380976
Sparsity:  68881 0.009850139341411627
Sparsity:  50373 0.008213789082067123
Sparsity:  102594 0.011376115944703077
Sparsity:  102557 0.0103123270502986
Sparsity:  90495 0.01269012398585583
Sparsity:  48389 0.01113976492515323
Sparsity:  64880 0.009578136810279667
Sparsity:  53543 0.007602222439299215
Sparsity:  74661 0.01098390069486291
Sparsity:  52208 0.010270824939564866
Sparsity:  53663 0.0087109829517121
Sparsity:  60807 0.01155513444979568
Sparsity:  80172 0.012134682075325481
Sparsity:  50581 0.008861770328758522
Sparsity:  66484 0.010500692422772117
Sparsity:  77036 0.011988919322709164
Sparsity:  69556 0.01035138391496495
Sparsity:  56330 0.012178385128403808
Sparsity:  72198 0.00867124085290862
Sparsity:  77960 0.009761868508783177
Sparsity:  43018 0.010194070765590877
Sparsity:  94644 0.011942858411939527
Sparsity:  37046 0.006941238368188795
Sparsity:  63253 0.00891606637016455
Sparsity:  67084 0.011529693549806406
Sparsity:  61546 0.011413504676224838
Sparsity:  233529 0.007311819944293043
Sparsity:  74273 0.010445309124783987
Sparsity:  79760 0.008686363889818222
Sparsity:  235478 0.009945462519461984
Sparsity:  51229 0.010015679742242243
Sparsity:  157713 0.008539399066450433
Sparsity:  64019 0.011910564809963803
Sparsity:  54777 0.008388452887329464
Sparsity:  48722 0.009377232582774932
Sparsity:  441719 0.008275134494657381
Sparsity:  272093 0.010565241364314115
Sparsity:  65018 0.008285807206707557
Sparsity:  586709 0.010516464296694322
Sparsity:  68818 0.01065732288693308
Sparsity:  83919 0.012765132155373832
Sparsity:  67725 0.01050638527601271
Sparsity:  56051 0.008801624809052902
Sparsity:  84183 0.011674234725575121
Sparsity:  37871 0.008323969938667568
Sparsity:  90235 0.009756434586747121
Sparsity:  109697 0.01000429366478334
Sparsity:  90983 0.0082330046272702
Sparsity:  52848 0.00994783635312259
Sparsity:  44654 0.007535410726628651
Sparsity:  70911 0.011662011356938362
Sparsity:  49708 0.009507044408538974
Sparsity:  72168 0.011285278222578063
Sparsity:  55229 0.010234263816413663
Sparsity:  66573 0.01133217627897856
Sparsity:  60866 0.009862195640451302
Sparsity:  52621 0.008616313768024816
Sparsity:  46291 0.008237254862882654
Sparsity:  76277 0.008119605168138217
Sparsity:  62725 0.011572809902229359
Sparsity:  83798 0.01104074263019428
Sparsity:  120609 0.008125153598406458
Sparsity:  146638 0.008789122437549868
Sparsity:  90353 0.013060294784265838
Sparsity:  267206 0.009026058781563474
Sparsity:  127108 0.011677225423330197
# Accounting: time=6831 threads=1
# Ended (code 0) at Fri Sep  4 17:50:27 CST 2020, elapsed time 6831 seconds
