# python3 diarization/VB_resegmentation.py --max-speakers 10 --max-iters 10 --downsample 25 --alphaQInit 100.0 --sparsityThr 0.001 --epsilon 1e-6 --minDur 1 --loopProb 0.9 --statScale 0.2 --llScale 1.0 --channel 0 --initialize 1 data/callhome/split4/3 exp/example_models_folder/fulltest.rttm exp/VB/tmp exp/VB/tmp/dubm.tmp exp/VB/tmp/ie.tmp 
# Started at Fri Sep  4 15:56:36 CST 2020
#
Namespace(alphaQInit=100.0, channel=0, data_dir='data/callhome/split4/3', downsample=25, dubm_model='exp/VB/tmp/dubm.tmp', epsilon=1e-06, ie_model='exp/VB/tmp/ie.tmp', init_rttm_filename='exp/example_models_folder/fulltest.rttm', initialize=1, llScale=1.0, loopProb=0.9, max_iters=10, max_speakers=10, minDur=1, output_dir='exp/VB/tmp', sparsityThr=0.001, statScale=0.2)
125 utterances in total
Sparsity:  169513 0.010151471089869381
Sparsity:  147508 0.008129276594243793
Sparsity:  196424 0.010704258510044643
Sparsity:  53332 0.008930389446159122
Sparsity:  66875 0.0074331455938424764
Sparsity:  58264 0.009171250402965828
Sparsity:  59195 0.008391292957976484
Sparsity:  76685 0.011972453287370104
Sparsity:  64269 0.009863695632956153
Sparsity:  55362 0.00966472168841616
Sparsity:  59093 0.008074437919756542
Sparsity:  101698 0.01364584406773839
Sparsity:  74926 0.010091011153633981
Sparsity:  74264 0.010829242571300583
Sparsity:  168396 0.008304677242197758
Sparsity:  173895 0.008585840332549674
Sparsity:  115146 0.008354800923174085
Sparsity:  39266 0.008626704865016873
Sparsity:  149163 0.008124657938953651
Sparsity:  59753 0.0075167511351925806
Sparsity:  189277 0.009067936632285126
Sparsity:  74250 0.010591552092462752
Sparsity:  43432 0.007971069817703439
Sparsity:  153097 0.010143753922416718
Sparsity:  264710 0.010289199943281325
Sparsity:  258427 0.009273199235256293
Sparsity:  49418 0.008576464479296251
Sparsity:  177698 0.009554214784176623
Sparsity:  46537 0.008976158218941339
Sparsity:  54418 0.008995019994075829
Sparsity:  204239 0.010769554451268898
Sparsity:  165438 0.009595566126685277
Sparsity:  62444 0.010133012421070123
Sparsity:  71536 0.011381455685891169
Sparsity:  72891 0.010659271816037735
Sparsity:  55536 0.010680262898779047
Sparsity:  73653 0.010320958216745588
Sparsity:  141091 0.01197290403958116
Sparsity:  78030 0.011011730039739884
Sparsity:  60634 0.009896856196724051
Sparsity:  41415 0.00862168747335323
Sparsity:  42372 0.006964973278909274
Sparsity:  53605 0.009612308632482556
Sparsity:  75510 0.007823067512730745
Sparsity:  69326 0.008036701314696106
Sparsity:  91999 0.011313785850333711
Sparsity:  561015 0.010467847662071535
Sparsity:  148966 0.007852032675284719
Sparsity:  57128 0.007464418316831683
Sparsity:  389121 0.007427551778942945
Sparsity:  54990 0.008511835770328102
Sparsity:  61070 0.009203498746141976
Sparsity:  58603 0.009316212304655706
Sparsity:  58297 0.008521278859826373
Sparsity:  52756 0.007674591278117086
Sparsity:  55663 0.007330869647673635
Sparsity:  133418 0.010575569450081168
Sparsity:  49864 0.008618639380530974
Sparsity:  37856 0.009265350877192982
Sparsity:  47424 0.00802086941461725
Sparsity:  58512 0.00986203400069037
Sparsity:  86961 0.00926902985838245
Sparsity:  413284 0.011559103455435904
Sparsity:  46739 0.007250763254567117
Sparsity:  67168 0.009564559638378536
Sparsity:  335319 0.009728748950874952
Sparsity:  47396 0.009109458029915371
Sparsity:  155828 0.011969150641025642
Sparsity:  535186 0.009201291845654125
Sparsity:  46872 0.008473424194742687
Sparsity:  62212 0.01279029605263158
Sparsity:  64224 0.007265000579172941
Sparsity:  59856 0.010244150893796005
Sparsity:  108037 0.010880157039548314
Sparsity:  62077 0.007991309031439494
Sparsity:  70871 0.009309922106201237
Sparsity:  59306 0.009053621326403001
Sparsity:  44389 0.007602355807172922
Sparsity:  55696 0.009465824051514096
Sparsity:  61356 0.008049162916442773
Sparsity:  280669 0.009345704456918303
Sparsity:  258786 0.01181876739115185
Sparsity:  142604 0.011476037803873095
Sparsity:  82561 0.011652836618369706
Sparsity:  599647 0.010595128884340511
Sparsity:  67365 0.009969106351341113
Sparsity:  102645 0.011442837649828766
Sparsity:  75755 0.011959180760992564
Sparsity:  54799 0.007845572267629379
Sparsity:  255283 0.008256053937193667
Sparsity:  108981 0.011052732143784402
Sparsity:  87114 0.009914026992774735
Sparsity:  70161 0.00964886657689058
Sparsity:  99723 0.01060500296063378
Sparsity:  54745 0.009883881320484377
Sparsity:  65936 0.011664968297101449
Sparsity:  50697 0.008515443595201238
Sparsity:  114289 0.01097554838848461
Sparsity:  75018 0.010456717902512132
Sparsity:  70154 0.01085045385254989
Sparsity:  52646 0.010613565106317094
Sparsity:  85074 0.009659351020230206
Sparsity:  418762 0.008736322700811792
Sparsity:  51331 0.009752515503404668
Sparsity:  78080 0.008525268336314848
Sparsity:  177636 0.008315245721886685
Sparsity:  204404 0.008499969394055527
Sparsity:  645255 0.01118028132817906
Sparsity:  83445 0.010206570367297094
Sparsity:  171192 0.009609132515231636
Sparsity:  57059 0.008656467249883486
Sparsity:  119718 0.011169591036113499
Sparsity:  70539 0.009966108534071181
Sparsity:  50407 0.00813646048553719
Sparsity:  111452 0.011275235030560448
Sparsity:  79698 0.013109327627589692
Sparsity:  112260 0.00890857356167723
Sparsity:  67983 0.009606373670597598
Sparsity:  46434 0.009242907281899715
Sparsity:  67755 0.011954289464769648
Sparsity:  73558 0.011480579251238613
Sparsity:  97633 0.009693445156821879
Sparsity:  72490 0.009610509859489547
Sparsity:  73254 0.011400336155378487
Sparsity:  51815 0.008241137774837133
# Accounting: time=6770 threads=1
# Ended (code 0) at Fri Sep  4 17:49:26 CST 2020, elapsed time 6770 seconds
