WARNING:  speaker B speaking more than once at time 31.55
WARNING:  speaker B speaking more than once at time 47.12
WARNING:  speaker B2 speaking more than once at time 133.61
WARNING:  speaker B2 speaking more than once at time 146.4
WARNING:  speaker B2 speaking more than once at time 189.85
WARNING:  speaker B speaking more than once at time 31.55
WARNING:  speaker B speaking more than once at time 47.12
WARNING:  speaker B2 speaking more than once at time 133.61
WARNING:  speaker B2 speaking more than once at time 146.4
WARNING:  speaker B2 speaking more than once at time 189.85
WARNING:  speaker B speaking more than once at time 29.54
WARNING:  speaker A speaking more than once at time 79.07
WARNING:  speaker B speaking more than once at time 136.76
WARNING:  speaker B speaking more than once at time 140.39
WARNING:  speaker B speaking more than once at time 29.54
WARNING:  speaker A speaking more than once at time 79.07
WARNING:  speaker B speaking more than once at time 136.76
WARNING:  speaker B speaking more than once at time 140.39
WARNING:  speaker B speaking more than once at time 48.6
WARNING:  speaker B speaking more than once at time 177.27
WARNING:  speaker B speaking more than once at time 48.6
WARNING:  speaker B speaking more than once at time 177.27
WARNING:  speaker A speaking more than once at time 153.6
WARNING:  speaker B2 speaking more than once at time 406.74
WARNING:  speaker A speaking more than once at time 153.6
WARNING:  speaker B2 speaking more than once at time 406.74
WARNING:  speaker B speaking more than once at time 11.63
WARNING:  speaker A speaking more than once at time 39.85
WARNING:  speaker B speaking more than once at time 11.63
WARNING:  speaker A speaking more than once at time 39.85
WARNING:  speaker B speaking more than once at time 12.76
WARNING:  speaker B speaking more than once at time 46.96
WARNING:  speaker B speaking more than once at time 12.76
WARNING:  speaker B speaking more than once at time 46.96
WARNING:  speaker B speaking more than once at time 41.76
WARNING:  speaker B speaking more than once at time 41.76
WARNING:  speaker A speaking more than once at time 144.94
WARNING:  speaker A speaking more than once at time 148.96
WARNING:  speaker A speaking more than once at time 184.27
WARNING:  speaker A speaking more than once at time 144.94
WARNING:  speaker A speaking more than once at time 148.96
WARNING:  speaker A speaking more than once at time 184.27
WARNING:  speaker A speaking more than once at time 38.15
WARNING:  speaker A speaking more than once at time 38.15
WARNING:  speaker B speaking more than once at time 21.97
WARNING:  speaker B speaking more than once at time 68.55
WARNING:  speaker B speaking more than once at time 21.97
WARNING:  speaker B speaking more than once at time 68.55
WARNING:  speaker A1 speaking more than once at time 149.78
WARNING:  speaker A1 speaking more than once at time 338.98
WARNING:  speaker A speaking more than once at time 338.98
WARNING:  speaker A1 speaking more than once at time 500.43
WARNING:  speaker A1 speaking more than once at time 149.78
WARNING:  speaker A1 speaking more than once at time 338.98
WARNING:  speaker A speaking more than once at time 338.98
WARNING:  speaker A1 speaking more than once at time 500.43
WARNING:  speaker B speaking more than once at time 6.46
WARNING:  speaker B speaking more than once at time 43.95
WARNING:  speaker B speaking more than once at time 6.46
WARNING:  speaker B speaking more than once at time 43.95
WARNING:  speaker B speaking more than once at time 24.61
WARNING:  speaker B speaking more than once at time 24.61
WARNING:  speaker B speaking more than once at time 3.36
WARNING:  speaker B speaking more than once at time 3.36
WARNING:  speaker B speaking more than once at time 21.39
WARNING:  speaker A speaking more than once at time 22.55
WARNING:  speaker B speaking more than once at time 82.46
WARNING:  speaker B speaking more than once at time 21.39
WARNING:  speaker A speaking more than once at time 22.55
WARNING:  speaker B speaking more than once at time 82.46
WARNING:  speaker A speaking more than once at time 19.21
WARNING:  speaker A speaking more than once at time 19.21
WARNING:  speaker A speaking more than once at time 217.29
WARNING:  speaker A speaking more than once at time 217.29
WARNING:  speaker A speaking more than once at time 17.25
WARNING:  speaker A1 speaking more than once at time 329.63
WARNING:  speaker A speaking more than once at time 17.25
WARNING:  speaker A1 speaking more than once at time 329.63
WARNING:  speaker A speaking more than once at time 55.05
WARNING:  speaker A speaking more than once at time 55.05
WARNING:  speaker B speaking more than once at time 11.72
WARNING:  speaker B speaking more than once at time 11.72
WARNING:  speaker B speaking more than once at time 66.14
WARNING:  speaker B speaking more than once at time 71.71
WARNING:  speaker B speaking more than once at time 66.14
WARNING:  speaker B speaking more than once at time 71.71
WARNING:  speaker B speaking more than once at time 33.88
WARNING:  speaker B speaking more than once at time 33.88
WARNING:  speaker B speaking more than once at time 13.75
WARNING:  speaker B speaking more than once at time 13.75
WARNING:  speaker B speaking more than once at time 161.33
WARNING:  speaker B speaking more than once at time 161.33
WARNING:  speaker B1 speaking more than once at time 49.7
WARNING:  speaker B1 speaking more than once at time 49.7
WARNING:  speaker A speaking more than once at time 16.18
WARNING:  speaker B speaking more than once at time 21.82
WARNING:  speaker A speaking more than once at time 16.18
WARNING:  speaker B speaking more than once at time 21.82
WARNING:  speaker B speaking more than once at time 53.06
WARNING:  speaker B speaking more than once at time 53.06
WARNING:  speaker B speaking more than once at time 43.4
WARNING:  speaker B speaking more than once at time 43.4
WARNING:  speaker B2 speaking more than once at time 176.37
WARNING:  speaker A speaking more than once at time 191.03
WARNING:  speaker B2 speaking more than once at time 275.87
WARNING:  speaker A speaking more than once at time 360.78
WARNING:  speaker B2 speaking more than once at time 176.37
WARNING:  speaker A speaking more than once at time 191.03
WARNING:  speaker B2 speaking more than once at time 275.87
WARNING:  speaker A speaking more than once at time 360.78
WARNING:  speaker A1 speaking more than once at time 158.75
WARNING:  speaker A1 speaking more than once at time 158.75
WARNING:  speaker B1 speaking more than once at time 71.53
WARNING:  speaker B1 speaking more than once at time 71.53
WARNING:  speaker A speaking more than once at time 36.76
WARNING:  speaker A speaking more than once at time 36.76
WARNING:  speaker A speaking more than once at time 34.27
WARNING:  speaker A speaking more than once at time 105.76
WARNING:  speaker A speaking more than once at time 34.27
WARNING:  speaker A speaking more than once at time 105.76
WARNING:  speaker A speaking more than once at time 5.42
WARNING:  speaker B speaking more than once at time 36.41
WARNING:  speaker B speaking more than once at time 58.49
WARNING:  speaker A speaking more than once at time 5.42
WARNING:  speaker B speaking more than once at time 36.41
WARNING:  speaker B speaking more than once at time 58.49
WARNING:  speaker A speaking more than once at time 36.45
WARNING:  speaker A speaking more than once at time 36.45
WARNING:  speaker B1 speaking more than once at time 192.57
WARNING:  speaker B1 speaking more than once at time 192.57
WARNING:  speaker B1 speaking more than once at time 135.32
WARNING:  speaker B1 speaking more than once at time 135.32
WARNING:  speaker A speaking more than once at time 42.96
WARNING:  speaker A speaking more than once at time 53.43
WARNING:  speaker A speaking more than once at time 42.96
WARNING:  speaker A speaking more than once at time 53.43
WARNING:  speaker B1 speaking more than once at time 233.84
WARNING:  speaker B1 speaking more than once at time 233.84
WARNING:  speaker A speaking more than once at time 25.28
WARNING:  speaker A speaking more than once at time 25.28
WARNING:  speaker B2 speaking more than once at time 281.63
WARNING:  speaker B2 speaking more than once at time 281.63
WARNING:  speaker B speaking more than once at time 10.23
WARNING:  speaker B speaking more than once at time 10.23
WARNING:  speaker A speaking more than once at time 35.41
WARNING:  speaker A speaking more than once at time 117.01
WARNING:  speaker A speaking more than once at time 146.96
WARNING:  speaker B1 speaking more than once at time 213.55
WARNING:  speaker A speaking more than once at time 35.41
WARNING:  speaker A speaking more than once at time 117.01
WARNING:  speaker A speaking more than once at time 146.96
WARNING:  speaker B1 speaking more than once at time 213.55
WARNING:  speaker B speaking more than once at time 28.19
WARNING:  speaker B speaking more than once at time 28.19
WARNING:  speaker B speaking more than once at time 23.55
WARNING:  speaker B speaking more than once at time 23.55
WARNING:  speaker A speaking more than once at time 52.26
WARNING:  speaker A speaking more than once at time 52.26
WARNING:  speaker B1 speaking more than once at time 247.43
WARNING:  speaker B1 speaking more than once at time 247.43
WARNING:  speaker B1 speaking more than once at time 76.47
WARNING:  speaker B1 speaking more than once at time 76.47
WARNING:  speaker B speaking more than once at time 56.47
WARNING:  speaker B speaking more than once at time 56.47
WARNING:  speaker A speaking more than once at time 236.52
WARNING:  speaker A speaking more than once at time 236.52
WARNING:  speaker A speaking more than once at time 62.34
WARNING:  speaker A1 speaking more than once at time 144.96
WARNING:  speaker A1 speaking more than once at time 147.5
WARNING:  speaker A speaking more than once at time 62.34
WARNING:  speaker A1 speaking more than once at time 144.96
WARNING:  speaker A1 speaking more than once at time 147.5
WARNING:  speaker B speaking more than once at time 5.06
WARNING:  speaker B speaking more than once at time 5.06
WARNING:  speaker A speaking more than once at time 15.97
WARNING:  speaker A speaking more than once at time 15.97
WARNING:  speaker A speaking more than once at time 22.94
WARNING:  speaker A speaking more than once at time 22.94
WARNING:  speaker B speaking more than once at time 30.53
WARNING:  speaker A speaking more than once at time 63.64
WARNING:  speaker B1 speaking more than once at time 135.34
WARNING:  speaker B speaking more than once at time 30.53
WARNING:  speaker A speaking more than once at time 63.64
WARNING:  speaker B1 speaking more than once at time 135.34
WARNING:  speaker B speaking more than once at time 61.05
WARNING:  speaker B speaking more than once at time 61.05
WARNING:  speaker B speaking more than once at time 14.1
WARNING:  speaker B speaking more than once at time 73.95
WARNING:  speaker B speaking more than once at time 79.08
WARNING:  speaker B1 speaking more than once at time 79.08
WARNING:  speaker B speaking more than once at time 84.53
WARNING:  speaker B speaking more than once at time 14.1
WARNING:  speaker B speaking more than once at time 73.95
WARNING:  speaker B1 speaking more than once at time 79.08
WARNING:  speaker B speaking more than once at time 79.08
WARNING:  speaker B speaking more than once at time 84.53
WARNING:  speaker A speaking more than once at time 29.37
WARNING:  speaker A speaking more than once at time 29.37
WARNING:  speaker A speaking more than once at time 35.6
WARNING:  speaker A speaking more than once at time 44.2
WARNING:  speaker A speaking more than once at time 35.6
WARNING:  speaker A speaking more than once at time 44.2
WARNING:  speaker A1 speaking more than once at time 21.72
WARNING:  speaker B speaking more than once at time 126.36
WARNING:  speaker B speaking more than once at time 148.61
WARNING:  speaker A1 speaking more than once at time 203.18
WARNING:  speaker A speaking more than once at time 203.18
WARNING:  speaker B1 speaking more than once at time 235.64
WARNING:  speaker A1 speaking more than once at time 21.72
WARNING:  speaker B speaking more than once at time 126.36
WARNING:  speaker B speaking more than once at time 148.61
WARNING:  speaker A1 speaking more than once at time 203.18
WARNING:  speaker A speaking more than once at time 203.18
WARNING:  speaker B1 speaking more than once at time 235.64
WARNING:  speaker B speaking more than once at time 22.23
WARNING:  speaker B speaking more than once at time 22.23
WARNING:  speaker B speaking more than once at time 17.98
WARNING:  speaker B speaking more than once at time 17.98
WARNING:  speaker B1 speaking more than once at time 36.31
WARNING:  speaker B1 speaking more than once at time 36.31
WARNING:  speaker A speaking more than once at time 17.79
WARNING:  speaker A speaking more than once at time 17.79
WARNING:  speaker B speaking more than once at time 67.99
WARNING:  speaker A speaking more than once at time 150.76
WARNING:  speaker B1 speaking more than once at time 541.85
WARNING:  speaker B speaking more than once at time 552.11
WARNING:  speaker B speaking more than once at time 67.99
WARNING:  speaker A speaking more than once at time 150.76
WARNING:  speaker B1 speaking more than once at time 541.85
WARNING:  speaker B speaking more than once at time 552.11
WARNING:  speaker A speaking more than once at time 45.16
WARNING:  speaker A speaking more than once at time 51.02
WARNING:  speaker A speaking more than once at time 45.16
WARNING:  speaker A speaking more than once at time 51.02
WARNING:  speaker A speaking more than once at time 55.55
WARNING:  speaker A speaking more than once at time 55.55
WARNING:  speaker B speaking more than once at time 7.79
WARNING:  speaker B speaking more than once at time 11.21
WARNING:  speaker B speaking more than once at time 13.43
WARNING:  speaker B speaking more than once at time 13.82
WARNING:  speaker A speaking more than once at time 59.03
WARNING:  speaker B speaking more than once at time 7.79
WARNING:  speaker B speaking more than once at time 11.21
WARNING:  speaker B speaking more than once at time 13.43
WARNING:  speaker B speaking more than once at time 13.82
WARNING:  speaker A speaking more than once at time 59.03
WARNING:  speaker B1 speaking more than once at time 76.65
WARNING:  speaker B1 speaking more than once at time 119.09
WARNING:  speaker B1 speaking more than once at time 213.21
WARNING:  speaker A1 speaking more than once at time 387.72
WARNING:  speaker A1 speaking more than once at time 393.08
WARNING:  speaker B1 speaking more than once at time 76.65
WARNING:  speaker B1 speaking more than once at time 119.09
WARNING:  speaker B1 speaking more than once at time 213.21
WARNING:  speaker A1 speaking more than once at time 387.72
WARNING:  speaker A1 speaking more than once at time 393.08
WARNING:  speaker A speaking more than once at time 75.45
WARNING:  speaker A speaking more than once at time 75.45
WARNING:  speaker B speaking more than once at time 69.67
WARNING:  speaker A speaking more than once at time 94.44
WARNING:  speaker A speaking more than once at time 153.83
WARNING:  speaker A speaking more than once at time 255.32
WARNING:  speaker A speaking more than once at time 275.3
WARNING:  speaker A speaking more than once at time 286.73
WARNING:  speaker A speaking more than once at time 290.06
WARNING:  speaker A speaking more than once at time 295.93
WARNING:  speaker A speaking more than once at time 313.13
WARNING:  speaker B speaking more than once at time 426.8
WARNING:  speaker B speaking more than once at time 427.19
WARNING:  speaker A1 speaking more than once at time 461.72
WARNING:  speaker B speaking more than once at time 495.99
WARNING:  speaker B speaking more than once at time 512.33
WARNING:  speaker B speaking more than once at time 526.25
WARNING:  speaker B speaking more than once at time 69.67
WARNING:  speaker A speaking more than once at time 94.44
WARNING:  speaker A speaking more than once at time 153.83
WARNING:  speaker A speaking more than once at time 255.32
WARNING:  speaker A speaking more than once at time 275.3
WARNING:  speaker A speaking more than once at time 286.73
WARNING:  speaker A speaking more than once at time 290.06
WARNING:  speaker A speaking more than once at time 295.93
WARNING:  speaker A speaking more than once at time 313.13
WARNING:  speaker B speaking more than once at time 426.8
WARNING:  speaker B speaking more than once at time 427.19
WARNING:  speaker A1 speaking more than once at time 461.72
WARNING:  speaker B speaking more than once at time 495.99
WARNING:  speaker B speaking more than once at time 512.33
WARNING:  speaker B speaking more than once at time 526.25
WARNING:  speaker B speaking more than once at time 16.96
WARNING:  speaker B speaking more than once at time 16.96
WARNING:  speaker B speaking more than once at time 17.93
WARNING:  speaker B speaking more than once at time 17.93
WARNING:  speaker A speaking more than once at time 86.35
WARNING:  speaker B1 speaking more than once at time 133.57
WARNING:  speaker B1 speaking more than once at time 186.97
WARNING:  speaker B1 speaking more than once at time 372.1
WARNING:  speaker A speaking more than once at time 373.85
WARNING:  speaker B1 speaking more than once at time 395.19
WARNING:  speaker B1 speaking more than once at time 440.64
WARNING:  speaker B1 speaking more than once at time 494.48
WARNING:  speaker B1 speaking more than once at time 535.32
WARNING:  speaker A speaking more than once at time 86.35
WARNING:  speaker B1 speaking more than once at time 133.57
WARNING:  speaker B1 speaking more than once at time 186.97
WARNING:  speaker B1 speaking more than once at time 372.1
WARNING:  speaker A speaking more than once at time 373.85
WARNING:  speaker B1 speaking more than once at time 395.19
WARNING:  speaker B1 speaking more than once at time 440.64
WARNING:  speaker B1 speaking more than once at time 494.48
WARNING:  speaker B1 speaking more than once at time 535.32
WARNING:  speaker A speaking more than once at time 375.35
WARNING:  speaker A1 speaking more than once at time 399.31
WARNING:  speaker A speaking more than once at time 375.35
WARNING:  speaker A1 speaking more than once at time 399.31
WARNING:  speaker B speaking more than once at time 10.31
WARNING:  speaker A1 speaking more than once at time 192.4
WARNING:  speaker B speaking more than once at time 10.31
WARNING:  speaker A1 speaking more than once at time 192.4
WARNING:  speaker A speaking more than once at time 118.05
WARNING:  speaker A speaking more than once at time 118.05
WARNING:  speaker B2 speaking more than once at time 457.85
WARNING:  speaker B2 speaking more than once at time 457.85
WARNING:  speaker A1 speaking more than once at time 98.32
WARNING:  speaker B1 speaking more than once at time 126.55
WARNING:  speaker A1 speaking more than once at time 98.32
WARNING:  speaker B1 speaking more than once at time 126.55
WARNING:  speaker A speaking more than once at time 89.33
WARNING:  speaker A speaking more than once at time 89.33
WARNING:  speaker A speaking more than once at time 22.03
WARNING:  speaker A speaking more than once at time 22.62
WARNING:  speaker A speaking more than once at time 30.17
WARNING:  speaker A speaking more than once at time 22.03
WARNING:  speaker A speaking more than once at time 22.62
WARNING:  speaker A speaking more than once at time 30.17
WARNING:  speaker A speaking more than once at time 53.66
WARNING:  speaker A speaking more than once at time 53.66
WARNING:  speaker B speaking more than once at time 10.5
WARNING:  speaker A speaking more than once at time 78.57
WARNING:  speaker B speaking more than once at time 10.5
WARNING:  speaker A speaking more than once at time 78.57
WARNING:  speaker B1 speaking more than once at time 147.61
WARNING:  speaker B1 speaking more than once at time 147.61
WARNING:  speaker A speaking more than once at time 23.48
WARNING:  speaker B2 speaking more than once at time 152.24
WARNING:  speaker A speaking more than once at time 23.48
WARNING:  speaker B2 speaking more than once at time 152.24
WARNING:  speaker B speaking more than once at time 52.68
WARNING:  speaker B speaking more than once at time 52.68
WARNING:  speaker B speaking more than once at time 198.86
WARNING:  speaker A speaking more than once at time 272.5
WARNING:  speaker B speaking more than once at time 272.73
WARNING:  speaker A speaking more than once at time 376.33
WARNING:  speaker B2 speaking more than once at time 497.02
WARNING:  speaker A speaking more than once at time 502.63
WARNING:  speaker A speaking more than once at time 553.41
WARNING:  speaker B speaking more than once at time 198.86
WARNING:  speaker A speaking more than once at time 272.5
WARNING:  speaker B speaking more than once at time 272.73
WARNING:  speaker A speaking more than once at time 376.33
WARNING:  speaker B2 speaking more than once at time 497.02
WARNING:  speaker A speaking more than once at time 502.63
WARNING:  speaker A speaking more than once at time 553.41
WARNING:  speaker B speaking more than once at time 60.16
WARNING:  speaker B speaking more than once at time 95.01
WARNING:  speaker B speaking more than once at time 103.46
WARNING:  speaker B speaking more than once at time 168.13
WARNING:  speaker B speaking more than once at time 60.16
WARNING:  speaker B speaking more than once at time 95.01
WARNING:  speaker B speaking more than once at time 103.46
WARNING:  speaker B speaking more than once at time 168.13
WARNING:  speaker B speaking more than once at time 4.47
WARNING:  speaker A speaking more than once at time 73.43
WARNING:  speaker B speaking more than once at time 4.47
WARNING:  speaker A speaking more than once at time 73.43
WARNING:  speaker B1 speaking more than once at time 57.64
WARNING:  speaker A speaking more than once at time 115.27
WARNING:  speaker A speaking more than once at time 197.81
WARNING:  speaker B1 speaking more than once at time 57.64
WARNING:  speaker A speaking more than once at time 115.27
WARNING:  speaker A speaking more than once at time 197.81
WARNING:  speaker B speaking more than once at time 18.02
WARNING:  speaker A speaking more than once at time 68.42
WARNING:  speaker B speaking more than once at time 18.02
WARNING:  speaker A speaking more than once at time 68.42
WARNING:  speaker A speaking more than once at time 63.64
WARNING:  speaker A speaking more than once at time 78.76
WARNING:  speaker A speaking more than once at time 63.64
WARNING:  speaker A speaking more than once at time 78.76
WARNING:  speaker A speaking more than once at time 11.45
WARNING:  speaker A speaking more than once at time 11.45
WARNING:  speaker B speaking more than once at time 23.71
WARNING:  speaker A speaking more than once at time 63.79
WARNING:  speaker B speaking more than once at time 69.76
WARNING:  speaker B speaking more than once at time 23.71
WARNING:  speaker A speaking more than once at time 63.79
WARNING:  speaker B speaking more than once at time 69.76
WARNING:  speaker A speaking more than once at time 149.35
WARNING:  speaker A speaking more than once at time 149.35
WARNING:  speaker A speaking more than once at time 3.78
WARNING:  speaker B speaking more than once at time 7.32
WARNING:  speaker A speaking more than once at time 24.13
WARNING:  speaker A speaking more than once at time 25.27
WARNING:  speaker B speaking more than once at time 27.16
WARNING:  speaker A speaking more than once at time 27.16
WARNING:  speaker A speaking more than once at time 58.35
WARNING:  speaker A speaking more than once at time 61.94
WARNING:  speaker A speaking more than once at time 76.35
WARNING:  speaker A speaking more than once at time 107.48
WARNING:  speaker B1 speaking more than once at time 107.48
WARNING:  speaker A speaking more than once at time 115.86
WARNING:  speaker A speaking more than once at time 127.36
WARNING:  speaker B1 speaking more than once at time 146
WARNING:  speaker A speaking more than once at time 153.83
WARNING:  speaker B1 speaking more than once at time 153.83
WARNING:  speaker A speaking more than once at time 157.13
WARNING:  speaker B1 speaking more than once at time 157.13
WARNING:  speaker A speaking more than once at time 3.78
WARNING:  speaker B speaking more than once at time 7.32
WARNING:  speaker A speaking more than once at time 24.13
WARNING:  speaker A speaking more than once at time 25.27
WARNING:  speaker B speaking more than once at time 27.16
WARNING:  speaker A speaking more than once at time 27.16
WARNING:  speaker A speaking more than once at time 58.35
WARNING:  speaker A speaking more than once at time 61.94
WARNING:  speaker A speaking more than once at time 76.35
WARNING:  speaker B1 speaking more than once at time 107.48
WARNING:  speaker A speaking more than once at time 107.48
WARNING:  speaker A speaking more than once at time 115.86
WARNING:  speaker A speaking more than once at time 127.36
WARNING:  speaker B1 speaking more than once at time 146
WARNING:  speaker A speaking more than once at time 153.83
WARNING:  speaker B1 speaking more than once at time 153.83
WARNING:  speaker A speaking more than once at time 157.13
WARNING:  speaker B1 speaking more than once at time 157.13
WARNING:  speaker A speaking more than once at time 11.67
WARNING:  speaker A speaking more than once at time 14.88
WARNING:  speaker A speaking more than once at time 11.67
WARNING:  speaker A speaking more than once at time 14.88
WARNING:  speaker B speaking more than once at time 6.84
WARNING:  speaker B speaking more than once at time 6.84
WARNING:  speaker B speaking more than once at time 58.94
WARNING:  speaker B speaking more than once at time 63.51
WARNING:  speaker B speaking more than once at time 58.94
WARNING:  speaker B speaking more than once at time 63.51
WARNING:  speaker A speaking more than once at time 18.84
WARNING:  speaker A speaking more than once at time 18.84
WARNING:  speaker B speaking more than once at time 47.76
WARNING:  speaker B speaking more than once at time 47.76
WARNING:  speaker A speaking more than once at time 11.83
WARNING:  speaker A speaking more than once at time 11.83
WARNING:  speaker A1 speaking more than once at time 40.25
WARNING:  speaker A1 speaking more than once at time 42.23
WARNING:  speaker A1 speaking more than once at time 44.9
WARNING:  speaker A1 speaking more than once at time 40.25
WARNING:  speaker A1 speaking more than once at time 42.23
WARNING:  speaker A1 speaking more than once at time 44.9
WARNING:  speaker B speaking more than once at time 13.74
WARNING:  speaker B speaking more than once at time 13.74
WARNING:  speaker A speaking more than once at time 24.91
WARNING:  speaker A speaking more than once at time 24.91
WARNING:  speaker A speaking more than once at time 5.03
WARNING:  speaker B speaking more than once at time 61.71
WARNING:  speaker A speaking more than once at time 5.03
WARNING:  speaker B speaking more than once at time 61.71
WARNING:  speaker B speaking more than once at time 7.24
WARNING:  speaker B speaking more than once at time 7.24
WARNING:  speaker A speaking more than once at time 26.67
WARNING:  speaker A speaking more than once at time 26.67
WARNING:  speaker A speaking more than once at time 41.99
WARNING:  speaker A speaking more than once at time 41.99
