# gmm-gselect --n=30 exp/diag_ubm_1024/0.dubm "ark,s,cs:add-deltas --delta-window=3 --delta-order=0 scp:data/sre08/split40/27/feats.scp ark:- | select-voiced-frames ark:- scp,s,cs:data/sre08/split40/27/vad.scp ark:- | subsample-feats --n=1 ark:- ark:- |" "ark:|gzip -c >exp/diag_ubm_1024/gselect.27.gz" 
# Invoked at Tue Jul 21 06:48:15 SGT 2020 from node04
#
# Started at Tue Jul 21 06:48:45 SGT 2020 on node01
gmm-gselect --n=30 exp/diag_ubm_1024/0.dubm 'ark,s,cs:add-deltas --delta-window=3 --delta-order=0 scp:data/sre08/split40/27/feats.scp ark:- | select-voiced-frames ark:- scp,s,cs:data/sre08/split40/27/vad.scp ark:- | subsample-feats --n=1 ark:- ark:- |' 'ark:|gzip -c >exp/diag_ubm_1024/gselect.27.gz' 
select-voiced-frames ark:- scp,s,cs:data/sre08/split40/27/vad.scp ark:- 
add-deltas --delta-window=3 --delta-order=0 scp:data/sre08/split40/27/feats.scp ark:- 
subsample-feats --n=1 ark:- ark:- 
LOG (gmm-gselect[5.5.433~1452-7637d]:main():gmm-gselect.cc:114) For 0'th file, average UBM likelihood over 14997 frames is -79.1127
LOG (gmm-gselect[5.5.433~1452-7637d]:main():gmm-gselect.cc:114) For 10'th file, average UBM likelihood over 15826 frames is -79.7788
LOG (gmm-gselect[5.5.433~1452-7637d]:main():gmm-gselect.cc:114) For 20'th file, average UBM likelihood over 18243 frames is -75.9153
LOG (gmm-gselect[5.5.433~1452-7637d]:main():gmm-gselect.cc:114) For 30'th file, average UBM likelihood over 15577 frames is -78.6525
LOG (gmm-gselect[5.5.433~1452-7637d]:main():gmm-gselect.cc:114) For 40'th file, average UBM likelihood over 18358 frames is -75.1223
LOG (gmm-gselect[5.5.433~1452-7637d]:main():gmm-gselect.cc:114) For 50'th file, average UBM likelihood over 18337 frames is -74.695
LOG (gmm-gselect[5.5.433~1452-7637d]:main():gmm-gselect.cc:114) For 60'th file, average UBM likelihood over 16267 frames is -80.335
LOG (gmm-gselect[5.5.433~1452-7637d]:main():gmm-gselect.cc:114) For 70'th file, average UBM likelihood over 16103 frames is -80.3388
LOG (gmm-gselect[5.5.433~1452-7637d]:main():gmm-gselect.cc:114) For 80'th file, average UBM likelihood over 14159 frames is -76.3098
LOG (gmm-gselect[5.5.433~1452-7637d]:main():gmm-gselect.cc:114) For 90'th file, average UBM likelihood over 16606 frames is -72.9044
LOG (gmm-gselect[5.5.433~1452-7637d]:main():gmm-gselect.cc:114) For 100'th file, average UBM likelihood over 16525 frames is -76.2784
LOG (gmm-gselect[5.5.433~1452-7637d]:main():gmm-gselect.cc:114) For 110'th file, average UBM likelihood over 12773 frames is -73.4383
LOG (gmm-gselect[5.5.433~1452-7637d]:main():gmm-gselect.cc:114) For 120'th file, average UBM likelihood over 18235 frames is -72.2204
LOG (gmm-gselect[5.5.433~1452-7637d]:main():gmm-gselect.cc:114) For 130'th file, average UBM likelihood over 18010 frames is -74.2868
LOG (gmm-gselect[5.5.433~1452-7637d]:main():gmm-gselect.cc:114) For 140'th file, average UBM likelihood over 18465 frames is -74.0101
LOG (gmm-gselect[5.5.433~1452-7637d]:main():gmm-gselect.cc:114) For 150'th file, average UBM likelihood over 18004 frames is -73.0283
LOG (gmm-gselect[5.5.433~1452-7637d]:main():gmm-gselect.cc:114) For 160'th file, average UBM likelihood over 18161 frames is -72.9249
LOG (gmm-gselect[5.5.433~1452-7637d]:main():gmm-gselect.cc:114) For 170'th file, average UBM likelihood over 17750 frames is -73.8437
LOG (gmm-gselect[5.5.433~1452-7637d]:main():gmm-gselect.cc:114) For 180'th file, average UBM likelihood over 17898 frames is -72.5091
LOG (gmm-gselect[5.5.433~1452-7637d]:main():gmm-gselect.cc:114) For 190'th file, average UBM likelihood over 17441 frames is -74.6352
LOG (gmm-gselect[5.5.433~1452-7637d]:main():gmm-gselect.cc:114) For 200'th file, average UBM likelihood over 19565 frames is -73.7901
LOG (gmm-gselect[5.5.433~1452-7637d]:main():gmm-gselect.cc:114) For 210'th file, average UBM likelihood over 18550 frames is -73.1901
LOG (gmm-gselect[5.5.433~1452-7637d]:main():gmm-gselect.cc:114) For 220'th file, average UBM likelihood over 18500 frames is -76.397
LOG (gmm-gselect[5.5.433~1452-7637d]:main():gmm-gselect.cc:114) For 230'th file, average UBM likelihood over 17185 frames is -73.7409
LOG (gmm-gselect[5.5.433~1452-7637d]:main():gmm-gselect.cc:114) For 240'th file, average UBM likelihood over 16870 frames is -75.1034
LOG (gmm-gselect[5.5.433~1452-7637d]:main():gmm-gselect.cc:114) For 250'th file, average UBM likelihood over 16947 frames is -78.1098
LOG (gmm-gselect[5.5.433~1452-7637d]:main():gmm-gselect.cc:114) For 260'th file, average UBM likelihood over 18533 frames is -75.1361
LOG (gmm-gselect[5.5.433~1452-7637d]:main():gmm-gselect.cc:114) For 270'th file, average UBM likelihood over 18533 frames is -74.7677
LOG (gmm-gselect[5.5.433~1452-7637d]:main():gmm-gselect.cc:114) For 280'th file, average UBM likelihood over 18038 frames is -73.3294
LOG (gmm-gselect[5.5.433~1452-7637d]:main():gmm-gselect.cc:114) For 290'th file, average UBM likelihood over 18105 frames is -75.0503
LOG (select-voiced-frames[5.5.433~1452-7637d]:main():select-voiced-frames.cc:106) Done selecting voiced frames; processed 300 utterances, 0 had errors.
LOG (subsample-feats[5.5.433~1452-7637d]:main():subsample-feats.cc:115) Processed 300 feature matrices; 0 with errors.
LOG (subsample-feats[5.5.433~1452-7637d]:main():subsample-feats.cc:117) Processed 5158193 input frames and 5158193 output frames.
LOG (gmm-gselect[5.5.433~1452-7637d]:main():gmm-gselect.cc:125) Done 300 files, 0 with errors, average UBM log-likelihood is -74.6814 over 5158193 frames.
# Ended (code 0) at Tue Jul 21 06:51:25 SGT 2020, elapsed time 190 seconds
