# gmm-gselect --n=30 exp/diag_ubm_1024/0.dubm "ark,s,cs:add-deltas --delta-window=3 --delta-order=0 scp:data/sre08/split40/17/feats.scp ark:- | select-voiced-frames ark:- scp,s,cs:data/sre08/split40/17/vad.scp ark:- | subsample-feats --n=1 ark:- ark:- |" "ark:|gzip -c >exp/diag_ubm_1024/gselect.17.gz" 
# Invoked at Tue Jul 21 06:48:15 SGT 2020 from node04
#
# Started at Tue Jul 21 06:48:44 SGT 2020 on node01
gmm-gselect --n=30 exp/diag_ubm_1024/0.dubm 'ark,s,cs:add-deltas --delta-window=3 --delta-order=0 scp:data/sre08/split40/17/feats.scp ark:- | select-voiced-frames ark:- scp,s,cs:data/sre08/split40/17/vad.scp ark:- | subsample-feats --n=1 ark:- ark:- |' 'ark:|gzip -c >exp/diag_ubm_1024/gselect.17.gz' 
select-voiced-frames ark:- scp,s,cs:data/sre08/split40/17/vad.scp ark:- 
subsample-feats --n=1 ark:- ark:- 
add-deltas --delta-window=3 --delta-order=0 scp:data/sre08/split40/17/feats.scp ark:- 
LOG (gmm-gselect[5.5.433~1452-7637d]:main():gmm-gselect.cc:114) For 0'th file, average UBM likelihood over 17951 frames is -78.0352
LOG (gmm-gselect[5.5.433~1452-7637d]:main():gmm-gselect.cc:114) For 10'th file, average UBM likelihood over 20635 frames is -71.705
LOG (gmm-gselect[5.5.433~1452-7637d]:main():gmm-gselect.cc:114) For 20'th file, average UBM likelihood over 18223 frames is -71.8423
LOG (gmm-gselect[5.5.433~1452-7637d]:main():gmm-gselect.cc:114) For 30'th file, average UBM likelihood over 14781 frames is -73.6249
LOG (gmm-gselect[5.5.433~1452-7637d]:main():gmm-gselect.cc:114) For 40'th file, average UBM likelihood over 12517 frames is -75.8437
LOG (gmm-gselect[5.5.433~1452-7637d]:main():gmm-gselect.cc:114) For 50'th file, average UBM likelihood over 16175 frames is -74.239
LOG (gmm-gselect[5.5.433~1452-7637d]:main():gmm-gselect.cc:114) For 60'th file, average UBM likelihood over 17204 frames is -75.3196
LOG (gmm-gselect[5.5.433~1452-7637d]:main():gmm-gselect.cc:114) For 70'th file, average UBM likelihood over 20029 frames is -73.5416
LOG (gmm-gselect[5.5.433~1452-7637d]:main():gmm-gselect.cc:114) For 80'th file, average UBM likelihood over 19470 frames is -73.5854
LOG (gmm-gselect[5.5.433~1452-7637d]:main():gmm-gselect.cc:114) For 90'th file, average UBM likelihood over 16752 frames is -76.4055
LOG (gmm-gselect[5.5.433~1452-7637d]:main():gmm-gselect.cc:114) For 100'th file, average UBM likelihood over 17692 frames is -73.8781
LOG (gmm-gselect[5.5.433~1452-7637d]:main():gmm-gselect.cc:114) For 110'th file, average UBM likelihood over 21752 frames is -73.0156
LOG (gmm-gselect[5.5.433~1452-7637d]:main():gmm-gselect.cc:114) For 120'th file, average UBM likelihood over 15933 frames is -76.1595
LOG (gmm-gselect[5.5.433~1452-7637d]:main():gmm-gselect.cc:114) For 130'th file, average UBM likelihood over 14907 frames is -74.7757
LOG (gmm-gselect[5.5.433~1452-7637d]:main():gmm-gselect.cc:114) For 140'th file, average UBM likelihood over 19864 frames is -74.7712
LOG (gmm-gselect[5.5.433~1452-7637d]:main():gmm-gselect.cc:114) For 150'th file, average UBM likelihood over 20786 frames is -75.7803
LOG (gmm-gselect[5.5.433~1452-7637d]:main():gmm-gselect.cc:114) For 160'th file, average UBM likelihood over 19472 frames is -74.4559
LOG (gmm-gselect[5.5.433~1452-7637d]:main():gmm-gselect.cc:114) For 170'th file, average UBM likelihood over 21303 frames is -75.1303
LOG (gmm-gselect[5.5.433~1452-7637d]:main():gmm-gselect.cc:114) For 180'th file, average UBM likelihood over 10174 frames is -75.964
LOG (gmm-gselect[5.5.433~1452-7637d]:main():gmm-gselect.cc:114) For 190'th file, average UBM likelihood over 10715 frames is -81.1591
LOG (gmm-gselect[5.5.433~1452-7637d]:main():gmm-gselect.cc:114) For 200'th file, average UBM likelihood over 16766 frames is -79.0214
LOG (select-voiced-frames[5.5.433~1452-7637d]:main():select-voiced-frames.cc:106) Done selecting voiced frames; processed 203 utterances, 0 had errors.
LOG (subsample-feats[5.5.433~1452-7637d]:main():subsample-feats.cc:115) Processed 203 feature matrices; 0 with errors.
LOG (subsample-feats[5.5.433~1452-7637d]:main():subsample-feats.cc:117) Processed 3396843 input frames and 3396843 output frames.
LOG (gmm-gselect[5.5.433~1452-7637d]:main():gmm-gselect.cc:125) Done 203 files, 0 with errors, average UBM log-likelihood is -75.0939 over 3396843 frames.
# Ended (code 0) at Tue Jul 21 06:50:33 SGT 2020, elapsed time 138 seconds
