# gmm-gselect --n=30 exp/diag_ubm_1024/0.dubm "ark,s,cs:add-deltas --delta-window=3 --delta-order=0 scp:data/sre08/split40/26/feats.scp ark:- | select-voiced-frames ark:- scp,s,cs:data/sre08/split40/26/vad.scp ark:- | subsample-feats --n=1 ark:- ark:- |" "ark:|gzip -c >exp/diag_ubm_1024/gselect.26.gz" 
# Invoked at Tue Jul 21 06:48:15 SGT 2020 from node04
#
# Started at Tue Jul 21 06:48:43 SGT 2020 on node03
gmm-gselect --n=30 exp/diag_ubm_1024/0.dubm 'ark,s,cs:add-deltas --delta-window=3 --delta-order=0 scp:data/sre08/split40/26/feats.scp ark:- | select-voiced-frames ark:- scp,s,cs:data/sre08/split40/26/vad.scp ark:- | subsample-feats --n=1 ark:- ark:- |' 'ark:|gzip -c >exp/diag_ubm_1024/gselect.26.gz' 
subsample-feats --n=1 ark:- ark:- 
select-voiced-frames ark:- scp,s,cs:data/sre08/split40/26/vad.scp ark:- 
add-deltas --delta-window=3 --delta-order=0 scp:data/sre08/split40/26/feats.scp ark:- 
LOG (gmm-gselect[5.5.433~1452-7637d]:main():gmm-gselect.cc:114) For 0'th file, average UBM likelihood over 17748 frames is -71.4488
LOG (gmm-gselect[5.5.433~1452-7637d]:main():gmm-gselect.cc:114) For 10'th file, average UBM likelihood over 18185 frames is -69.9708
LOG (gmm-gselect[5.5.433~1452-7637d]:main():gmm-gselect.cc:114) For 20'th file, average UBM likelihood over 17669 frames is -72.9183
LOG (gmm-gselect[5.5.433~1452-7637d]:main():gmm-gselect.cc:114) For 30'th file, average UBM likelihood over 18390 frames is -73.1038
LOG (gmm-gselect[5.5.433~1452-7637d]:main():gmm-gselect.cc:114) For 40'th file, average UBM likelihood over 18182 frames is -73.2744
LOG (gmm-gselect[5.5.433~1452-7637d]:main():gmm-gselect.cc:114) For 50'th file, average UBM likelihood over 17953 frames is -72.3285
LOG (gmm-gselect[5.5.433~1452-7637d]:main():gmm-gselect.cc:114) For 60'th file, average UBM likelihood over 18410 frames is -74.3114
LOG (gmm-gselect[5.5.433~1452-7637d]:main():gmm-gselect.cc:114) For 70'th file, average UBM likelihood over 18410 frames is -74.9832
LOG (gmm-gselect[5.5.433~1452-7637d]:main():gmm-gselect.cc:114) For 80'th file, average UBM likelihood over 19363 frames is -76.2073
LOG (gmm-gselect[5.5.433~1452-7637d]:main():gmm-gselect.cc:114) For 90'th file, average UBM likelihood over 18073 frames is -72.4729
LOG (gmm-gselect[5.5.433~1452-7637d]:main():gmm-gselect.cc:114) For 100'th file, average UBM likelihood over 17988 frames is -73.8403
LOG (gmm-gselect[5.5.433~1452-7637d]:main():gmm-gselect.cc:114) For 110'th file, average UBM likelihood over 18200 frames is -72.3839
LOG (gmm-gselect[5.5.433~1452-7637d]:main():gmm-gselect.cc:114) For 120'th file, average UBM likelihood over 13789 frames is -76.7077
LOG (gmm-gselect[5.5.433~1452-7637d]:main():gmm-gselect.cc:114) For 130'th file, average UBM likelihood over 18455 frames is -75.383
LOG (gmm-gselect[5.5.433~1452-7637d]:main():gmm-gselect.cc:114) For 140'th file, average UBM likelihood over 12116 frames is -74.3038
LOG (gmm-gselect[5.5.433~1452-7637d]:main():gmm-gselect.cc:114) For 150'th file, average UBM likelihood over 30004 frames is -70.4109
LOG (gmm-gselect[5.5.433~1452-7637d]:main():gmm-gselect.cc:114) For 160'th file, average UBM likelihood over 18333 frames is -75.9219
LOG (gmm-gselect[5.5.433~1452-7637d]:main():gmm-gselect.cc:114) For 170'th file, average UBM likelihood over 16117 frames is -79.9531
LOG (gmm-gselect[5.5.433~1452-7637d]:main():gmm-gselect.cc:114) For 180'th file, average UBM likelihood over 18605 frames is -75.3126
LOG (gmm-gselect[5.5.433~1452-7637d]:main():gmm-gselect.cc:114) For 190'th file, average UBM likelihood over 16605 frames is -77.1618
LOG (gmm-gselect[5.5.433~1452-7637d]:main():gmm-gselect.cc:114) For 200'th file, average UBM likelihood over 18198 frames is -74.0895
LOG (gmm-gselect[5.5.433~1452-7637d]:main():gmm-gselect.cc:114) For 210'th file, average UBM likelihood over 18445 frames is -74.4955
LOG (gmm-gselect[5.5.433~1452-7637d]:main():gmm-gselect.cc:114) For 220'th file, average UBM likelihood over 15326 frames is -75.0591
LOG (gmm-gselect[5.5.433~1452-7637d]:main():gmm-gselect.cc:114) For 230'th file, average UBM likelihood over 18273 frames is -74.2267
LOG (gmm-gselect[5.5.433~1452-7637d]:main():gmm-gselect.cc:114) For 240'th file, average UBM likelihood over 20073 frames is -74.4767
LOG (gmm-gselect[5.5.433~1452-7637d]:main():gmm-gselect.cc:114) For 250'th file, average UBM likelihood over 15780 frames is -74.3533
LOG (gmm-gselect[5.5.433~1452-7637d]:main():gmm-gselect.cc:114) For 260'th file, average UBM likelihood over 15463 frames is -78.5034
LOG (gmm-gselect[5.5.433~1452-7637d]:main():gmm-gselect.cc:114) For 270'th file, average UBM likelihood over 16304 frames is -77.3811
LOG (select-voiced-frames[5.5.433~1452-7637d]:main():select-voiced-frames.cc:106) Done selecting voiced frames; processed 280 utterances, 0 had errors.
LOG (subsample-feats[5.5.433~1452-7637d]:main():subsample-feats.cc:115) Processed 280 feature matrices; 0 with errors.
LOG (subsample-feats[5.5.433~1452-7637d]:main():subsample-feats.cc:117) Processed 4959116 input frames and 4959116 output frames.
LOG (gmm-gselect[5.5.433~1452-7637d]:main():gmm-gselect.cc:125) Done 280 files, 0 with errors, average UBM log-likelihood is -74.3938 over 4959116 frames.
# Ended (code 0) at Tue Jul 21 06:51:17 SGT 2020, elapsed time 182 seconds
