# gmm-gselect --n=30 exp/diag_ubm_1024/0.dubm "ark,s,cs:add-deltas --delta-window=3 --delta-order=0 scp:data/sre08/split40/18/feats.scp ark:- | select-voiced-frames ark:- scp,s,cs:data/sre08/split40/18/vad.scp ark:- | subsample-feats --n=1 ark:- ark:- |" "ark:|gzip -c >exp/diag_ubm_1024/gselect.18.gz" 
# Invoked at Tue Jul 21 06:48:15 SGT 2020 from node04
#
# Started at Tue Jul 21 06:48:45 SGT 2020 on node01
gmm-gselect --n=30 exp/diag_ubm_1024/0.dubm 'ark,s,cs:add-deltas --delta-window=3 --delta-order=0 scp:data/sre08/split40/18/feats.scp ark:- | select-voiced-frames ark:- scp,s,cs:data/sre08/split40/18/vad.scp ark:- | subsample-feats --n=1 ark:- ark:- |' 'ark:|gzip -c >exp/diag_ubm_1024/gselect.18.gz' 
subsample-feats --n=1 ark:- ark:- 
select-voiced-frames ark:- scp,s,cs:data/sre08/split40/18/vad.scp ark:- 
add-deltas --delta-window=3 --delta-order=0 scp:data/sre08/split40/18/feats.scp ark:- 
LOG (gmm-gselect[5.5.433~1452-7637d]:main():gmm-gselect.cc:114) For 0'th file, average UBM likelihood over 20157 frames is -75.014
LOG (gmm-gselect[5.5.433~1452-7637d]:main():gmm-gselect.cc:114) For 10'th file, average UBM likelihood over 25095 frames is -77.2949
LOG (gmm-gselect[5.5.433~1452-7637d]:main():gmm-gselect.cc:114) For 20'th file, average UBM likelihood over 18336 frames is -78.0946
LOG (gmm-gselect[5.5.433~1452-7637d]:main():gmm-gselect.cc:114) For 30'th file, average UBM likelihood over 16690 frames is -75.3371
LOG (gmm-gselect[5.5.433~1452-7637d]:main():gmm-gselect.cc:114) For 40'th file, average UBM likelihood over 13743 frames is -75.0779
LOG (gmm-gselect[5.5.433~1452-7637d]:main():gmm-gselect.cc:114) For 50'th file, average UBM likelihood over 18510 frames is -77.2409
LOG (gmm-gselect[5.5.433~1452-7637d]:main():gmm-gselect.cc:114) For 60'th file, average UBM likelihood over 18370 frames is -74.2561
LOG (gmm-gselect[5.5.433~1452-7637d]:main():gmm-gselect.cc:114) For 70'th file, average UBM likelihood over 18586 frames is -73.235
LOG (gmm-gselect[5.5.433~1452-7637d]:main():gmm-gselect.cc:114) For 80'th file, average UBM likelihood over 13899 frames is -75.4164
LOG (gmm-gselect[5.5.433~1452-7637d]:main():gmm-gselect.cc:114) For 90'th file, average UBM likelihood over 18976 frames is -75.3858
LOG (gmm-gselect[5.5.433~1452-7637d]:main():gmm-gselect.cc:114) For 100'th file, average UBM likelihood over 20147 frames is -75.6489
LOG (gmm-gselect[5.5.433~1452-7637d]:main():gmm-gselect.cc:114) For 110'th file, average UBM likelihood over 16236 frames is -73.672
LOG (gmm-gselect[5.5.433~1452-7637d]:main():gmm-gselect.cc:114) For 120'th file, average UBM likelihood over 14529 frames is -75.8073
LOG (gmm-gselect[5.5.433~1452-7637d]:main():gmm-gselect.cc:114) For 130'th file, average UBM likelihood over 12637 frames is -76.5258
LOG (gmm-gselect[5.5.433~1452-7637d]:main():gmm-gselect.cc:114) For 140'th file, average UBM likelihood over 10061 frames is -73.784
LOG (gmm-gselect[5.5.433~1452-7637d]:main():gmm-gselect.cc:114) For 150'th file, average UBM likelihood over 12926 frames is -73.4326
LOG (gmm-gselect[5.5.433~1452-7637d]:main():gmm-gselect.cc:114) For 160'th file, average UBM likelihood over 14930 frames is -77.458
LOG (gmm-gselect[5.5.433~1452-7637d]:main():gmm-gselect.cc:114) For 170'th file, average UBM likelihood over 20400 frames is -73.2944
LOG (gmm-gselect[5.5.433~1452-7637d]:main():gmm-gselect.cc:114) For 180'th file, average UBM likelihood over 14529 frames is -73.1699
LOG (gmm-gselect[5.5.433~1452-7637d]:main():gmm-gselect.cc:114) For 190'th file, average UBM likelihood over 19895 frames is -79.2866
LOG (gmm-gselect[5.5.433~1452-7637d]:main():gmm-gselect.cc:114) For 200'th file, average UBM likelihood over 19667 frames is -74.7193
LOG (select-voiced-frames[5.5.433~1452-7637d]:main():select-voiced-frames.cc:106) Done selecting voiced frames; processed 206 utterances, 0 had errors.
LOG (subsample-feats[5.5.433~1452-7637d]:main():subsample-feats.cc:115) Processed 206 feature matrices; 0 with errors.
LOG (subsample-feats[5.5.433~1452-7637d]:main():subsample-feats.cc:117) Processed 3364635 input frames and 3364635 output frames.
LOG (gmm-gselect[5.5.433~1452-7637d]:main():gmm-gselect.cc:125) Done 206 files, 0 with errors, average UBM log-likelihood is -75.1154 over 3364635 frames.
# Ended (code 0) at Tue Jul 21 06:50:33 SGT 2020, elapsed time 138 seconds
