# gmm-gselect --n=30 exp/diag_ubm_1024/0.dubm "ark,s,cs:add-deltas --delta-window=3 --delta-order=0 scp:data/sre08/split40/33/feats.scp ark:- | select-voiced-frames ark:- scp,s,cs:data/sre08/split40/33/vad.scp ark:- | subsample-feats --n=1 ark:- ark:- |" "ark:|gzip -c >exp/diag_ubm_1024/gselect.33.gz" 
# Invoked at Tue Jul 21 06:48:15 SGT 2020 from node04
#
# Started at Tue Jul 21 06:48:44 SGT 2020 on node01
gmm-gselect --n=30 exp/diag_ubm_1024/0.dubm 'ark,s,cs:add-deltas --delta-window=3 --delta-order=0 scp:data/sre08/split40/33/feats.scp ark:- | select-voiced-frames ark:- scp,s,cs:data/sre08/split40/33/vad.scp ark:- | subsample-feats --n=1 ark:- ark:- |' 'ark:|gzip -c >exp/diag_ubm_1024/gselect.33.gz' 
subsample-feats --n=1 ark:- ark:- 
select-voiced-frames ark:- scp,s,cs:data/sre08/split40/33/vad.scp ark:- 
add-deltas --delta-window=3 --delta-order=0 scp:data/sre08/split40/33/feats.scp ark:- 
LOG (gmm-gselect[5.5.433~1452-7637d]:main():gmm-gselect.cc:114) For 0'th file, average UBM likelihood over 18660 frames is -75.3528
LOG (gmm-gselect[5.5.433~1452-7637d]:main():gmm-gselect.cc:114) For 10'th file, average UBM likelihood over 18075 frames is -76.3133
LOG (gmm-gselect[5.5.433~1452-7637d]:main():gmm-gselect.cc:114) For 20'th file, average UBM likelihood over 18358 frames is -74.3214
LOG (gmm-gselect[5.5.433~1452-7637d]:main():gmm-gselect.cc:114) For 30'th file, average UBM likelihood over 30104 frames is -68.7491
LOG (gmm-gselect[5.5.433~1452-7637d]:main():gmm-gselect.cc:114) For 40'th file, average UBM likelihood over 13066 frames is -74.6037
LOG (gmm-gselect[5.5.433~1452-7637d]:main():gmm-gselect.cc:114) For 50'th file, average UBM likelihood over 18080 frames is -73.9646
LOG (gmm-gselect[5.5.433~1452-7637d]:main():gmm-gselect.cc:114) For 60'th file, average UBM likelihood over 11278 frames is -75.7882
LOG (gmm-gselect[5.5.433~1452-7637d]:main():gmm-gselect.cc:114) For 70'th file, average UBM likelihood over 18290 frames is -72.9847
LOG (gmm-gselect[5.5.433~1452-7637d]:main():gmm-gselect.cc:114) For 80'th file, average UBM likelihood over 19565 frames is -74.1776
LOG (gmm-gselect[5.5.433~1452-7637d]:main():gmm-gselect.cc:114) For 90'th file, average UBM likelihood over 13260 frames is -74.1822
LOG (gmm-gselect[5.5.433~1452-7637d]:main():gmm-gselect.cc:114) For 100'th file, average UBM likelihood over 18225 frames is -72.442
LOG (gmm-gselect[5.5.433~1452-7637d]:main():gmm-gselect.cc:114) For 110'th file, average UBM likelihood over 13486 frames is -73.6732
LOG (gmm-gselect[5.5.433~1452-7637d]:main():gmm-gselect.cc:114) For 120'th file, average UBM likelihood over 18133 frames is -73.2367
LOG (gmm-gselect[5.5.433~1452-7637d]:main():gmm-gselect.cc:114) For 130'th file, average UBM likelihood over 16637 frames is -76.4071
LOG (gmm-gselect[5.5.433~1452-7637d]:main():gmm-gselect.cc:114) For 140'th file, average UBM likelihood over 17054 frames is -77.2232
LOG (gmm-gselect[5.5.433~1452-7637d]:main():gmm-gselect.cc:114) For 150'th file, average UBM likelihood over 6776 frames is -74.2219
LOG (gmm-gselect[5.5.433~1452-7637d]:main():gmm-gselect.cc:114) For 160'th file, average UBM likelihood over 13601 frames is -72.1378
LOG (gmm-gselect[5.5.433~1452-7637d]:main():gmm-gselect.cc:114) For 170'th file, average UBM likelihood over 9641 frames is -73.6326
LOG (gmm-gselect[5.5.433~1452-7637d]:main():gmm-gselect.cc:114) For 180'th file, average UBM likelihood over 30370 frames is -68.6884
LOG (gmm-gselect[5.5.433~1452-7637d]:main():gmm-gselect.cc:114) For 190'th file, average UBM likelihood over 13400 frames is -73.1692
LOG (gmm-gselect[5.5.433~1452-7637d]:main():gmm-gselect.cc:114) For 200'th file, average UBM likelihood over 18380 frames is -73.6513
LOG (gmm-gselect[5.5.433~1452-7637d]:main():gmm-gselect.cc:114) For 210'th file, average UBM likelihood over 10773 frames is -74.9949
LOG (gmm-gselect[5.5.433~1452-7637d]:main():gmm-gselect.cc:114) For 220'th file, average UBM likelihood over 30153 frames is -71.6318
LOG (gmm-gselect[5.5.433~1452-7637d]:main():gmm-gselect.cc:114) For 230'th file, average UBM likelihood over 20743 frames is -76.1556
LOG (gmm-gselect[5.5.433~1452-7637d]:main():gmm-gselect.cc:114) For 240'th file, average UBM likelihood over 30207 frames is -68.4725
LOG (gmm-gselect[5.5.433~1452-7637d]:main():gmm-gselect.cc:114) For 250'th file, average UBM likelihood over 30286 frames is -70.9528
LOG (gmm-gselect[5.5.433~1452-7637d]:main():gmm-gselect.cc:114) For 260'th file, average UBM likelihood over 15112 frames is -75.8383
LOG (gmm-gselect[5.5.433~1452-7637d]:main():gmm-gselect.cc:114) For 270'th file, average UBM likelihood over 28957 frames is -71.4239
LOG (gmm-gselect[5.5.433~1452-7637d]:main():gmm-gselect.cc:114) For 280'th file, average UBM likelihood over 12233 frames is -73.3322
LOG (gmm-gselect[5.5.433~1452-7637d]:main():gmm-gselect.cc:114) For 290'th file, average UBM likelihood over 19807 frames is -71.7483
LOG (gmm-gselect[5.5.433~1452-7637d]:main():gmm-gselect.cc:114) For 300'th file, average UBM likelihood over 30089 frames is -67.663
LOG (gmm-gselect[5.5.433~1452-7637d]:main():gmm-gselect.cc:114) For 310'th file, average UBM likelihood over 30147 frames is -69.1457
LOG (gmm-gselect[5.5.433~1452-7637d]:main():gmm-gselect.cc:114) For 320'th file, average UBM likelihood over 30615 frames is -68.4463
LOG (gmm-gselect[5.5.433~1452-7637d]:main():gmm-gselect.cc:114) For 330'th file, average UBM likelihood over 17816 frames is -74.1182
LOG (gmm-gselect[5.5.433~1452-7637d]:main():gmm-gselect.cc:114) For 340'th file, average UBM likelihood over 15447 frames is -73.8659
LOG (gmm-gselect[5.5.433~1452-7637d]:main():gmm-gselect.cc:114) For 350'th file, average UBM likelihood over 30722 frames is -71.7668
LOG (gmm-gselect[5.5.433~1452-7637d]:main():gmm-gselect.cc:114) For 360'th file, average UBM likelihood over 30220 frames is -69.765
LOG (select-voiced-frames[5.5.433~1452-7637d]:main():select-voiced-frames.cc:106) Done selecting voiced frames; processed 363 utterances, 0 had errors.
LOG (subsample-feats[5.5.433~1452-7637d]:main():subsample-feats.cc:115) Processed 363 feature matrices; 0 with errors.
LOG (subsample-feats[5.5.433~1452-7637d]:main():subsample-feats.cc:117) Processed 7399670 input frames and 7399670 output frames.
LOG (gmm-gselect[5.5.433~1452-7637d]:main():gmm-gselect.cc:125) Done 363 files, 0 with errors, average UBM log-likelihood is -72.1837 over 7399670 frames.
# Ended (code 0) at Tue Jul 21 06:52:23 SGT 2020, elapsed time 248 seconds
