# gmm-gselect --n=30 exp/diag_ubm_1024/0.dubm "ark,s,cs:add-deltas --delta-window=3 --delta-order=0 scp:data/sre08/split40/35/feats.scp ark:- | select-voiced-frames ark:- scp,s,cs:data/sre08/split40/35/vad.scp ark:- | subsample-feats --n=1 ark:- ark:- |" "ark:|gzip -c >exp/diag_ubm_1024/gselect.35.gz" 
# Invoked at Tue Jul 21 06:48:15 SGT 2020 from node04
#
# Started at Tue Jul 21 06:48:44 SGT 2020 on node01
gmm-gselect --n=30 exp/diag_ubm_1024/0.dubm 'ark,s,cs:add-deltas --delta-window=3 --delta-order=0 scp:data/sre08/split40/35/feats.scp ark:- | select-voiced-frames ark:- scp,s,cs:data/sre08/split40/35/vad.scp ark:- | subsample-feats --n=1 ark:- ark:- |' 'ark:|gzip -c >exp/diag_ubm_1024/gselect.35.gz' 
subsample-feats --n=1 ark:- ark:- 
select-voiced-frames ark:- scp,s,cs:data/sre08/split40/35/vad.scp ark:- 
add-deltas --delta-window=3 --delta-order=0 scp:data/sre08/split40/35/feats.scp ark:- 
LOG (gmm-gselect[5.5.433~1452-7637d]:main():gmm-gselect.cc:114) For 0'th file, average UBM likelihood over 18173 frames is -74.4334
LOG (gmm-gselect[5.5.433~1452-7637d]:main():gmm-gselect.cc:114) For 10'th file, average UBM likelihood over 18173 frames is -73.5397
LOG (gmm-gselect[5.5.433~1452-7637d]:main():gmm-gselect.cc:114) For 20'th file, average UBM likelihood over 13998 frames is -75.6811
LOG (gmm-gselect[5.5.433~1452-7637d]:main():gmm-gselect.cc:114) For 30'th file, average UBM likelihood over 18538 frames is -73.7171
LOG (gmm-gselect[5.5.433~1452-7637d]:main():gmm-gselect.cc:114) For 40'th file, average UBM likelihood over 18018 frames is -72.6516
LOG (gmm-gselect[5.5.433~1452-7637d]:main():gmm-gselect.cc:114) For 50'th file, average UBM likelihood over 10025 frames is -73.6638
LOG (gmm-gselect[5.5.433~1452-7637d]:main():gmm-gselect.cc:114) For 60'th file, average UBM likelihood over 29451 frames is -69.7061
LOG (gmm-gselect[5.5.433~1452-7637d]:main():gmm-gselect.cc:114) For 70'th file, average UBM likelihood over 15797 frames is -76.29
LOG (gmm-gselect[5.5.433~1452-7637d]:main():gmm-gselect.cc:114) For 80'th file, average UBM likelihood over 20262 frames is -73.6807
LOG (gmm-gselect[5.5.433~1452-7637d]:main():gmm-gselect.cc:114) For 90'th file, average UBM likelihood over 15864 frames is -75.0231
LOG (gmm-gselect[5.5.433~1452-7637d]:main():gmm-gselect.cc:114) For 100'th file, average UBM likelihood over 16516 frames is -73.3957
LOG (gmm-gselect[5.5.433~1452-7637d]:main():gmm-gselect.cc:114) For 110'th file, average UBM likelihood over 15725 frames is -78.0151
LOG (gmm-gselect[5.5.433~1452-7637d]:main():gmm-gselect.cc:114) For 120'th file, average UBM likelihood over 15640 frames is -73.0922
LOG (gmm-gselect[5.5.433~1452-7637d]:main():gmm-gselect.cc:114) For 130'th file, average UBM likelihood over 18073 frames is -76.1419
LOG (gmm-gselect[5.5.433~1452-7637d]:main():gmm-gselect.cc:114) For 140'th file, average UBM likelihood over 19770 frames is -76.8111
LOG (gmm-gselect[5.5.433~1452-7637d]:main():gmm-gselect.cc:114) For 150'th file, average UBM likelihood over 18116 frames is -74.4551
LOG (gmm-gselect[5.5.433~1452-7637d]:main():gmm-gselect.cc:114) For 160'th file, average UBM likelihood over 11948 frames is -75.5719
LOG (gmm-gselect[5.5.433~1452-7637d]:main():gmm-gselect.cc:114) For 170'th file, average UBM likelihood over 7619 frames is -75.4548
LOG (gmm-gselect[5.5.433~1452-7637d]:main():gmm-gselect.cc:114) For 180'th file, average UBM likelihood over 18368 frames is -75.0306
LOG (gmm-gselect[5.5.433~1452-7637d]:main():gmm-gselect.cc:114) For 190'th file, average UBM likelihood over 10608 frames is -75.3317
LOG (gmm-gselect[5.5.433~1452-7637d]:main():gmm-gselect.cc:114) For 200'th file, average UBM likelihood over 11541 frames is -74.8062
LOG (gmm-gselect[5.5.433~1452-7637d]:main():gmm-gselect.cc:114) For 210'th file, average UBM likelihood over 18248 frames is -75.0114
LOG (gmm-gselect[5.5.433~1452-7637d]:main():gmm-gselect.cc:114) For 220'th file, average UBM likelihood over 18725 frames is -74.4718
LOG (gmm-gselect[5.5.433~1452-7637d]:main():gmm-gselect.cc:114) For 230'th file, average UBM likelihood over 18295 frames is -74.8385
LOG (gmm-gselect[5.5.433~1452-7637d]:main():gmm-gselect.cc:114) For 240'th file, average UBM likelihood over 18164 frames is -74.8652
LOG (gmm-gselect[5.5.433~1452-7637d]:main():gmm-gselect.cc:114) For 250'th file, average UBM likelihood over 28487 frames is -69.7032
LOG (gmm-gselect[5.5.433~1452-7637d]:main():gmm-gselect.cc:114) For 260'th file, average UBM likelihood over 30021 frames is -69.1164
LOG (gmm-gselect[5.5.433~1452-7637d]:main():gmm-gselect.cc:114) For 270'th file, average UBM likelihood over 10691 frames is -77.671
LOG (gmm-gselect[5.5.433~1452-7637d]:main():gmm-gselect.cc:114) For 280'th file, average UBM likelihood over 18274 frames is -73.8514
LOG (gmm-gselect[5.5.433~1452-7637d]:main():gmm-gselect.cc:114) For 290'th file, average UBM likelihood over 16190 frames is -71.2462
LOG (gmm-gselect[5.5.433~1452-7637d]:main():gmm-gselect.cc:114) For 300'th file, average UBM likelihood over 25428 frames is -72.7732
LOG (gmm-gselect[5.5.433~1452-7637d]:main():gmm-gselect.cc:114) For 310'th file, average UBM likelihood over 13599 frames is -73.2712
LOG (gmm-gselect[5.5.433~1452-7637d]:main():gmm-gselect.cc:114) For 320'th file, average UBM likelihood over 30000 frames is -67.505
LOG (gmm-gselect[5.5.433~1452-7637d]:main():gmm-gselect.cc:114) For 330'th file, average UBM likelihood over 30057 frames is -67.9456
LOG (gmm-gselect[5.5.433~1452-7637d]:main():gmm-gselect.cc:114) For 340'th file, average UBM likelihood over 15540 frames is -75.4444
LOG (gmm-gselect[5.5.433~1452-7637d]:main():gmm-gselect.cc:114) For 350'th file, average UBM likelihood over 6986 frames is -74.6232
LOG (gmm-gselect[5.5.433~1452-7637d]:main():gmm-gselect.cc:114) For 360'th file, average UBM likelihood over 15165 frames is -76.1962
LOG (gmm-gselect[5.5.433~1452-7637d]:main():gmm-gselect.cc:114) For 370'th file, average UBM likelihood over 20663 frames is -72.5739
LOG (gmm-gselect[5.5.433~1452-7637d]:main():gmm-gselect.cc:114) For 380'th file, average UBM likelihood over 18100 frames is -71.0752
LOG (gmm-gselect[5.5.433~1452-7637d]:main():gmm-gselect.cc:114) For 390'th file, average UBM likelihood over 16938 frames is -76.8644
LOG (select-voiced-frames[5.5.433~1452-7637d]:main():select-voiced-frames.cc:106) Done selecting voiced frames; processed 393 utterances, 0 had errors.
LOG (subsample-feats[5.5.433~1452-7637d]:main():subsample-feats.cc:115) Processed 393 feature matrices; 0 with errors.
LOG (subsample-feats[5.5.433~1452-7637d]:main():subsample-feats.cc:117) Processed 6954381 input frames and 6954381 output frames.
LOG (gmm-gselect[5.5.433~1452-7637d]:main():gmm-gselect.cc:125) Done 393 files, 0 with errors, average UBM log-likelihood is -73.5437 over 6954381 frames.
# Ended (code 0) at Tue Jul 21 06:52:18 SGT 2020, elapsed time 243 seconds
