# gmm-gselect --n=30 exp/diag_ubm_1024/0.dubm "ark,s,cs:add-deltas --delta-window=3 --delta-order=0 scp:data/sre08/split40/37/feats.scp ark:- | select-voiced-frames ark:- scp,s,cs:data/sre08/split40/37/vad.scp ark:- | subsample-feats --n=1 ark:- ark:- |" "ark:|gzip -c >exp/diag_ubm_1024/gselect.37.gz" 
# Invoked at Tue Jul 21 06:48:15 SGT 2020 from node04
#
# Started at Tue Jul 21 06:48:44 SGT 2020 on node03
gmm-gselect --n=30 exp/diag_ubm_1024/0.dubm 'ark,s,cs:add-deltas --delta-window=3 --delta-order=0 scp:data/sre08/split40/37/feats.scp ark:- | select-voiced-frames ark:- scp,s,cs:data/sre08/split40/37/vad.scp ark:- | subsample-feats --n=1 ark:- ark:- |' 'ark:|gzip -c >exp/diag_ubm_1024/gselect.37.gz' 
subsample-feats --n=1 ark:- ark:- 
select-voiced-frames ark:- scp,s,cs:data/sre08/split40/37/vad.scp ark:- 
add-deltas --delta-window=3 --delta-order=0 scp:data/sre08/split40/37/feats.scp ark:- 
LOG (gmm-gselect[5.5.433~1452-7637d]:main():gmm-gselect.cc:114) For 0'th file, average UBM likelihood over 14667 frames is -74.4886
LOG (gmm-gselect[5.5.433~1452-7637d]:main():gmm-gselect.cc:114) For 10'th file, average UBM likelihood over 8893 frames is -75.3948
LOG (gmm-gselect[5.5.433~1452-7637d]:main():gmm-gselect.cc:114) For 20'th file, average UBM likelihood over 30457 frames is -69.4049
LOG (gmm-gselect[5.5.433~1452-7637d]:main():gmm-gselect.cc:114) For 30'th file, average UBM likelihood over 30073 frames is -68.0374
LOG (gmm-gselect[5.5.433~1452-7637d]:main():gmm-gselect.cc:114) For 40'th file, average UBM likelihood over 13388 frames is -74.4018
LOG (gmm-gselect[5.5.433~1452-7637d]:main():gmm-gselect.cc:114) For 50'th file, average UBM likelihood over 18533 frames is -72.9464
LOG (gmm-gselect[5.5.433~1452-7637d]:main():gmm-gselect.cc:114) For 60'th file, average UBM likelihood over 15743 frames is -77.2973
LOG (gmm-gselect[5.5.433~1452-7637d]:main():gmm-gselect.cc:114) For 70'th file, average UBM likelihood over 8367 frames is -73.9696
LOG (gmm-gselect[5.5.433~1452-7637d]:main():gmm-gselect.cc:114) For 80'th file, average UBM likelihood over 30050 frames is -69.9563
LOG (gmm-gselect[5.5.433~1452-7637d]:main():gmm-gselect.cc:114) For 90'th file, average UBM likelihood over 18323 frames is -72.1665
LOG (gmm-gselect[5.5.433~1452-7637d]:main():gmm-gselect.cc:114) For 100'th file, average UBM likelihood over 18434 frames is -72.3868
LOG (gmm-gselect[5.5.433~1452-7637d]:main():gmm-gselect.cc:114) For 110'th file, average UBM likelihood over 13015 frames is -72.2901
LOG (gmm-gselect[5.5.433~1452-7637d]:main():gmm-gselect.cc:114) For 120'th file, average UBM likelihood over 15089 frames is -71.5871
LOG (gmm-gselect[5.5.433~1452-7637d]:main():gmm-gselect.cc:114) For 130'th file, average UBM likelihood over 30110 frames is -71.441
LOG (gmm-gselect[5.5.433~1452-7637d]:main():gmm-gselect.cc:114) For 140'th file, average UBM likelihood over 30712 frames is -68.3906
LOG (gmm-gselect[5.5.433~1452-7637d]:main():gmm-gselect.cc:114) For 150'th file, average UBM likelihood over 29756 frames is -67.8697
LOG (gmm-gselect[5.5.433~1452-7637d]:main():gmm-gselect.cc:114) For 160'th file, average UBM likelihood over 12704 frames is -78.0296
LOG (gmm-gselect[5.5.433~1452-7637d]:main():gmm-gselect.cc:114) For 170'th file, average UBM likelihood over 30866 frames is -72.574
LOG (gmm-gselect[5.5.433~1452-7637d]:main():gmm-gselect.cc:114) For 180'th file, average UBM likelihood over 29250 frames is -66.9356
LOG (gmm-gselect[5.5.433~1452-7637d]:main():gmm-gselect.cc:114) For 190'th file, average UBM likelihood over 19164 frames is -73.7688
LOG (gmm-gselect[5.5.433~1452-7637d]:main():gmm-gselect.cc:114) For 200'th file, average UBM likelihood over 18460 frames is -73.3303
LOG (gmm-gselect[5.5.433~1452-7637d]:main():gmm-gselect.cc:114) For 210'th file, average UBM likelihood over 18605 frames is -73.3117
LOG (gmm-gselect[5.5.433~1452-7637d]:main():gmm-gselect.cc:114) For 220'th file, average UBM likelihood over 5893 frames is -77.777
LOG (gmm-gselect[5.5.433~1452-7637d]:main():gmm-gselect.cc:114) For 230'th file, average UBM likelihood over 16326 frames is -75.2511
LOG (gmm-gselect[5.5.433~1452-7637d]:main():gmm-gselect.cc:114) For 240'th file, average UBM likelihood over 16864 frames is -76.9371
LOG (gmm-gselect[5.5.433~1452-7637d]:main():gmm-gselect.cc:114) For 250'th file, average UBM likelihood over 15446 frames is -77.2362
LOG (gmm-gselect[5.5.433~1452-7637d]:main():gmm-gselect.cc:114) For 260'th file, average UBM likelihood over 12746 frames is -71.4496
LOG (gmm-gselect[5.5.433~1452-7637d]:main():gmm-gselect.cc:114) For 270'th file, average UBM likelihood over 18060 frames is -71.5352
LOG (gmm-gselect[5.5.433~1452-7637d]:main():gmm-gselect.cc:114) For 280'th file, average UBM likelihood over 30395 frames is -72.901
LOG (gmm-gselect[5.5.433~1452-7637d]:main():gmm-gselect.cc:114) For 290'th file, average UBM likelihood over 31526 frames is -71.3399
LOG (gmm-gselect[5.5.433~1452-7637d]:main():gmm-gselect.cc:114) For 300'th file, average UBM likelihood over 31526 frames is -72.0059
LOG (gmm-gselect[5.5.433~1452-7637d]:main():gmm-gselect.cc:114) For 310'th file, average UBM likelihood over 30357 frames is -73.0154
LOG (gmm-gselect[5.5.433~1452-7637d]:main():gmm-gselect.cc:114) For 320'th file, average UBM likelihood over 16527 frames is -74.3301
LOG (gmm-gselect[5.5.433~1452-7637d]:main():gmm-gselect.cc:114) For 330'th file, average UBM likelihood over 19453 frames is -74.7836
LOG (gmm-gselect[5.5.433~1452-7637d]:main():gmm-gselect.cc:114) For 340'th file, average UBM likelihood over 18490 frames is -76.2571
LOG (gmm-gselect[5.5.433~1452-7637d]:main():gmm-gselect.cc:114) For 350'th file, average UBM likelihood over 30222 frames is -68.7101
LOG (gmm-gselect[5.5.433~1452-7637d]:main():gmm-gselect.cc:114) For 360'th file, average UBM likelihood over 30514 frames is -70.4603
LOG (gmm-gselect[5.5.433~1452-7637d]:main():gmm-gselect.cc:114) For 370'th file, average UBM likelihood over 18768 frames is -75.2851
LOG (gmm-gselect[5.5.433~1452-7637d]:main():gmm-gselect.cc:114) For 380'th file, average UBM likelihood over 20686 frames is -74.4524
LOG (select-voiced-frames[5.5.433~1452-7637d]:main():select-voiced-frames.cc:106) Done selecting voiced frames; processed 383 utterances, 0 had errors.
LOG (subsample-feats[5.5.433~1452-7637d]:main():subsample-feats.cc:115) Processed 383 feature matrices; 0 with errors.
LOG (subsample-feats[5.5.433~1452-7637d]:main():subsample-feats.cc:117) Processed 7887592 input frames and 7887592 output frames.
LOG (gmm-gselect[5.5.433~1452-7637d]:main():gmm-gselect.cc:125) Done 383 files, 0 with errors, average UBM log-likelihood is -72.4737 over 7887592 frames.
# Ended (code 0) at Tue Jul 21 06:52:39 SGT 2020, elapsed time 264 seconds
