# gmm-gselect --n=30 exp/diag_ubm_1024/0.dubm "ark,s,cs:add-deltas --delta-window=3 --delta-order=0 scp:data/sre08/split40/5/feats.scp ark:- | select-voiced-frames ark:- scp,s,cs:data/sre08/split40/5/vad.scp ark:- | subsample-feats --n=1 ark:- ark:- |" "ark:|gzip -c >exp/diag_ubm_1024/gselect.5.gz" 
# Invoked at Tue Jul 21 06:48:15 SGT 2020 from node04
#
# Started at Tue Jul 21 06:48:44 SGT 2020 on node03
gmm-gselect --n=30 exp/diag_ubm_1024/0.dubm 'ark,s,cs:add-deltas --delta-window=3 --delta-order=0 scp:data/sre08/split40/5/feats.scp ark:- | select-voiced-frames ark:- scp,s,cs:data/sre08/split40/5/vad.scp ark:- | subsample-feats --n=1 ark:- ark:- |' 'ark:|gzip -c >exp/diag_ubm_1024/gselect.5.gz' 
subsample-feats --n=1 ark:- ark:- 
select-voiced-frames ark:- scp,s,cs:data/sre08/split40/5/vad.scp ark:- 
add-deltas --delta-window=3 --delta-order=0 scp:data/sre08/split40/5/feats.scp ark:- 
LOG (gmm-gselect[5.5.433~1452-7637d]:main():gmm-gselect.cc:114) For 0'th file, average UBM likelihood over 9711 frames is -73.7715
LOG (gmm-gselect[5.5.433~1452-7637d]:main():gmm-gselect.cc:114) For 10'th file, average UBM likelihood over 24053 frames is -76.3393
LOG (gmm-gselect[5.5.433~1452-7637d]:main():gmm-gselect.cc:114) For 20'th file, average UBM likelihood over 15004 frames is -72.7584
LOG (gmm-gselect[5.5.433~1452-7637d]:main():gmm-gselect.cc:114) For 30'th file, average UBM likelihood over 13867 frames is -74.264
LOG (gmm-gselect[5.5.433~1452-7637d]:main():gmm-gselect.cc:114) For 40'th file, average UBM likelihood over 23282 frames is -74.9671
LOG (gmm-gselect[5.5.433~1452-7637d]:main():gmm-gselect.cc:114) For 50'th file, average UBM likelihood over 10552 frames is -77.1279
LOG (gmm-gselect[5.5.433~1452-7637d]:main():gmm-gselect.cc:114) For 60'th file, average UBM likelihood over 18249 frames is -75.9214
LOG (gmm-gselect[5.5.433~1452-7637d]:main():gmm-gselect.cc:114) For 70'th file, average UBM likelihood over 18170 frames is -73.5804
LOG (gmm-gselect[5.5.433~1452-7637d]:main():gmm-gselect.cc:114) For 80'th file, average UBM likelihood over 17943 frames is -74.1349
LOG (gmm-gselect[5.5.433~1452-7637d]:main():gmm-gselect.cc:114) For 90'th file, average UBM likelihood over 18125 frames is -72.7361
LOG (gmm-gselect[5.5.433~1452-7637d]:main():gmm-gselect.cc:114) For 100'th file, average UBM likelihood over 15294 frames is -74.194
LOG (select-voiced-frames[5.5.433~1452-7637d]:main():select-voiced-frames.cc:106) Done selecting voiced frames; processed 106 utterances, 0 had errors.
LOG (subsample-feats[5.5.433~1452-7637d]:main():subsample-feats.cc:115) Processed 106 feature matrices; 0 with errors.
LOG (subsample-feats[5.5.433~1452-7637d]:main():subsample-feats.cc:117) Processed 1690363 input frames and 1690363 output frames.
LOG (gmm-gselect[5.5.433~1452-7637d]:main():gmm-gselect.cc:125) Done 106 files, 0 with errors, average UBM log-likelihood is -74.7783 over 1690363 frames.
# Ended (code 0) at Tue Jul 21 06:49:37 SGT 2020, elapsed time 82 seconds
