# gmm-gselect --n=30 exp/diag_ubm_1024/0.dubm "ark,s,cs:add-deltas --delta-window=3 --delta-order=0 scp:data/sre08/split40/22/feats.scp ark:- | select-voiced-frames ark:- scp,s,cs:data/sre08/split40/22/vad.scp ark:- | subsample-feats --n=1 ark:- ark:- |" "ark:|gzip -c >exp/diag_ubm_1024/gselect.22.gz" 
# Invoked at Tue Jul 21 06:48:15 SGT 2020 from node04
#
# Started at Tue Jul 21 06:48:43 SGT 2020 on node01
gmm-gselect --n=30 exp/diag_ubm_1024/0.dubm 'ark,s,cs:add-deltas --delta-window=3 --delta-order=0 scp:data/sre08/split40/22/feats.scp ark:- | select-voiced-frames ark:- scp,s,cs:data/sre08/split40/22/vad.scp ark:- | subsample-feats --n=1 ark:- ark:- |' 'ark:|gzip -c >exp/diag_ubm_1024/gselect.22.gz' 
select-voiced-frames ark:- scp,s,cs:data/sre08/split40/22/vad.scp ark:- 
subsample-feats --n=1 ark:- ark:- 
add-deltas --delta-window=3 --delta-order=0 scp:data/sre08/split40/22/feats.scp ark:- 
LOG (gmm-gselect[5.5.433~1452-7637d]:main():gmm-gselect.cc:114) For 0'th file, average UBM likelihood over 18387 frames is -77.5122
LOG (gmm-gselect[5.5.433~1452-7637d]:main():gmm-gselect.cc:114) For 10'th file, average UBM likelihood over 16353 frames is -75.2049
LOG (gmm-gselect[5.5.433~1452-7637d]:main():gmm-gselect.cc:114) For 20'th file, average UBM likelihood over 11323 frames is -73.3702
LOG (gmm-gselect[5.5.433~1452-7637d]:main():gmm-gselect.cc:114) For 30'th file, average UBM likelihood over 13982 frames is -73.7082
LOG (gmm-gselect[5.5.433~1452-7637d]:main():gmm-gselect.cc:114) For 40'th file, average UBM likelihood over 15546 frames is -75.6833
LOG (gmm-gselect[5.5.433~1452-7637d]:main():gmm-gselect.cc:114) For 50'th file, average UBM likelihood over 22876 frames is -74.9152
LOG (gmm-gselect[5.5.433~1452-7637d]:main():gmm-gselect.cc:114) For 60'th file, average UBM likelihood over 22294 frames is -78.8018
LOG (gmm-gselect[5.5.433~1452-7637d]:main():gmm-gselect.cc:114) For 70'th file, average UBM likelihood over 20995 frames is -77.2878
LOG (gmm-gselect[5.5.433~1452-7637d]:main():gmm-gselect.cc:114) For 80'th file, average UBM likelihood over 14506 frames is -76.8031
LOG (gmm-gselect[5.5.433~1452-7637d]:main():gmm-gselect.cc:114) For 90'th file, average UBM likelihood over 14643 frames is -76.8816
LOG (gmm-gselect[5.5.433~1452-7637d]:main():gmm-gselect.cc:114) For 100'th file, average UBM likelihood over 20067 frames is -76.536
LOG (gmm-gselect[5.5.433~1452-7637d]:main():gmm-gselect.cc:114) For 110'th file, average UBM likelihood over 19660 frames is -75.0526
LOG (gmm-gselect[5.5.433~1452-7637d]:main():gmm-gselect.cc:114) For 120'th file, average UBM likelihood over 15381 frames is -74.5348
LOG (gmm-gselect[5.5.433~1452-7637d]:main():gmm-gselect.cc:114) For 130'th file, average UBM likelihood over 11881 frames is -75.0994
LOG (gmm-gselect[5.5.433~1452-7637d]:main():gmm-gselect.cc:114) For 140'th file, average UBM likelihood over 11481 frames is -74.4554
LOG (gmm-gselect[5.5.433~1452-7637d]:main():gmm-gselect.cc:114) For 150'th file, average UBM likelihood over 20642 frames is -74.8777
LOG (gmm-gselect[5.5.433~1452-7637d]:main():gmm-gselect.cc:114) For 160'th file, average UBM likelihood over 14174 frames is -75.9574
LOG (gmm-gselect[5.5.433~1452-7637d]:main():gmm-gselect.cc:114) For 170'th file, average UBM likelihood over 16045 frames is -76.2009
LOG (gmm-gselect[5.5.433~1452-7637d]:main():gmm-gselect.cc:114) For 180'th file, average UBM likelihood over 16398 frames is -74.8422
LOG (gmm-gselect[5.5.433~1452-7637d]:main():gmm-gselect.cc:114) For 190'th file, average UBM likelihood over 16302 frames is -76.3891
LOG (gmm-gselect[5.5.433~1452-7637d]:main():gmm-gselect.cc:114) For 200'th file, average UBM likelihood over 12353 frames is -76.281
LOG (gmm-gselect[5.5.433~1452-7637d]:main():gmm-gselect.cc:114) For 210'th file, average UBM likelihood over 21638 frames is -73.0966
LOG (gmm-gselect[5.5.433~1452-7637d]:main():gmm-gselect.cc:114) For 220'th file, average UBM likelihood over 12024 frames is -74.1278
LOG (gmm-gselect[5.5.433~1452-7637d]:main():gmm-gselect.cc:114) For 230'th file, average UBM likelihood over 18178 frames is -77.7185
LOG (select-voiced-frames[5.5.433~1452-7637d]:main():select-voiced-frames.cc:106) Done selecting voiced frames; processed 242 utterances, 0 had errors.
LOG (gmm-gselect[5.5.433~1452-7637d]:main():gmm-gselect.cc:114) For 240'th file, average UBM likelihood over 9737 frames is -73.803
LOG (subsample-feats[5.5.433~1452-7637d]:main():subsample-feats.cc:115) Processed 242 feature matrices; 0 with errors.
LOG (subsample-feats[5.5.433~1452-7637d]:main():subsample-feats.cc:117) Processed 3979846 input frames and 3979846 output frames.
LOG (gmm-gselect[5.5.433~1452-7637d]:main():gmm-gselect.cc:125) Done 242 files, 0 with errors, average UBM log-likelihood is -75.709 over 3979846 frames.
# Ended (code 0) at Tue Jul 21 06:50:53 SGT 2020, elapsed time 158 seconds
