# gmm-gselect --n=30 exp/diag_ubm_1024/0.dubm "ark,s,cs:add-deltas --delta-window=3 --delta-order=0 scp:data/sre08/split40/31/feats.scp ark:- | select-voiced-frames ark:- scp,s,cs:data/sre08/split40/31/vad.scp ark:- | subsample-feats --n=1 ark:- ark:- |" "ark:|gzip -c >exp/diag_ubm_1024/gselect.31.gz" 
# Invoked at Tue Jul 21 06:48:15 SGT 2020 from node04
#
# Started at Tue Jul 21 06:48:44 SGT 2020 on node01
gmm-gselect --n=30 exp/diag_ubm_1024/0.dubm 'ark,s,cs:add-deltas --delta-window=3 --delta-order=0 scp:data/sre08/split40/31/feats.scp ark:- | select-voiced-frames ark:- scp,s,cs:data/sre08/split40/31/vad.scp ark:- | subsample-feats --n=1 ark:- ark:- |' 'ark:|gzip -c >exp/diag_ubm_1024/gselect.31.gz' 
select-voiced-frames ark:- scp,s,cs:data/sre08/split40/31/vad.scp ark:- 
add-deltas --delta-window=3 --delta-order=0 scp:data/sre08/split40/31/feats.scp ark:- 
subsample-feats --n=1 ark:- ark:- 
LOG (gmm-gselect[5.5.433~1452-7637d]:main():gmm-gselect.cc:114) For 0'th file, average UBM likelihood over 17283 frames is -73.565
LOG (gmm-gselect[5.5.433~1452-7637d]:main():gmm-gselect.cc:114) For 10'th file, average UBM likelihood over 15458 frames is -73.0148
LOG (gmm-gselect[5.5.433~1452-7637d]:main():gmm-gselect.cc:114) For 20'th file, average UBM likelihood over 14774 frames is -75.9493
LOG (gmm-gselect[5.5.433~1452-7637d]:main():gmm-gselect.cc:114) For 30'th file, average UBM likelihood over 14886 frames is -73.6026
LOG (gmm-gselect[5.5.433~1452-7637d]:main():gmm-gselect.cc:114) For 40'th file, average UBM likelihood over 18725 frames is -75.0322
LOG (gmm-gselect[5.5.433~1452-7637d]:main():gmm-gselect.cc:114) For 50'th file, average UBM likelihood over 18673 frames is -75.2007
LOG (gmm-gselect[5.5.433~1452-7637d]:main():gmm-gselect.cc:114) For 60'th file, average UBM likelihood over 18095 frames is -75.9755
LOG (gmm-gselect[5.5.433~1452-7637d]:main():gmm-gselect.cc:114) For 70'th file, average UBM likelihood over 14349 frames is -81.3552
LOG (gmm-gselect[5.5.433~1452-7637d]:main():gmm-gselect.cc:114) For 80'th file, average UBM likelihood over 18550 frames is -74.0226
LOG (gmm-gselect[5.5.433~1452-7637d]:main():gmm-gselect.cc:114) For 90'th file, average UBM likelihood over 21370 frames is -73.3833
LOG (gmm-gselect[5.5.433~1452-7637d]:main():gmm-gselect.cc:114) For 100'th file, average UBM likelihood over 14140 frames is -72.6275
LOG (gmm-gselect[5.5.433~1452-7637d]:main():gmm-gselect.cc:114) For 110'th file, average UBM likelihood over 18043 frames is -73.2728
LOG (gmm-gselect[5.5.433~1452-7637d]:main():gmm-gselect.cc:114) For 120'th file, average UBM likelihood over 21315 frames is -71.4558
LOG (gmm-gselect[5.5.433~1452-7637d]:main():gmm-gselect.cc:114) For 130'th file, average UBM likelihood over 14921 frames is -75.9291
LOG (gmm-gselect[5.5.433~1452-7637d]:main():gmm-gselect.cc:114) For 140'th file, average UBM likelihood over 18288 frames is -72.9896
LOG (gmm-gselect[5.5.433~1452-7637d]:main():gmm-gselect.cc:114) For 150'th file, average UBM likelihood over 15083 frames is -78.9339
LOG (gmm-gselect[5.5.433~1452-7637d]:main():gmm-gselect.cc:114) For 160'th file, average UBM likelihood over 18258 frames is -74.6331
LOG (gmm-gselect[5.5.433~1452-7637d]:main():gmm-gselect.cc:114) For 170'th file, average UBM likelihood over 14202 frames is -73.165
LOG (gmm-gselect[5.5.433~1452-7637d]:main():gmm-gselect.cc:114) For 180'th file, average UBM likelihood over 15571 frames is -80.0046
LOG (gmm-gselect[5.5.433~1452-7637d]:main():gmm-gselect.cc:114) For 190'th file, average UBM likelihood over 8353 frames is -76.328
LOG (gmm-gselect[5.5.433~1452-7637d]:main():gmm-gselect.cc:114) For 200'th file, average UBM likelihood over 15473 frames is -76.7742
LOG (gmm-gselect[5.5.433~1452-7637d]:main():gmm-gselect.cc:114) For 210'th file, average UBM likelihood over 13465 frames is -76.0578
LOG (gmm-gselect[5.5.433~1452-7637d]:main():gmm-gselect.cc:114) For 220'th file, average UBM likelihood over 18290 frames is -70.7095
LOG (gmm-gselect[5.5.433~1452-7637d]:main():gmm-gselect.cc:114) For 230'th file, average UBM likelihood over 25218 frames is -74.6028
LOG (gmm-gselect[5.5.433~1452-7637d]:main():gmm-gselect.cc:114) For 240'th file, average UBM likelihood over 18137 frames is -71.7861
LOG (gmm-gselect[5.5.433~1452-7637d]:main():gmm-gselect.cc:114) For 250'th file, average UBM likelihood over 18260 frames is -72.0268
LOG (gmm-gselect[5.5.433~1452-7637d]:main():gmm-gselect.cc:114) For 260'th file, average UBM likelihood over 18348 frames is -71.6274
LOG (gmm-gselect[5.5.433~1452-7637d]:main():gmm-gselect.cc:114) For 270'th file, average UBM likelihood over 14609 frames is -76.4784
LOG (gmm-gselect[5.5.433~1452-7637d]:main():gmm-gselect.cc:114) For 280'th file, average UBM likelihood over 18068 frames is -71.8388
LOG (gmm-gselect[5.5.433~1452-7637d]:main():gmm-gselect.cc:114) For 290'th file, average UBM likelihood over 12594 frames is -74.9688
LOG (gmm-gselect[5.5.433~1452-7637d]:main():gmm-gselect.cc:114) For 300'th file, average UBM likelihood over 12379 frames is -74.1896
LOG (gmm-gselect[5.5.433~1452-7637d]:main():gmm-gselect.cc:114) For 310'th file, average UBM likelihood over 15979 frames is -76.691
LOG (gmm-gselect[5.5.433~1452-7637d]:main():gmm-gselect.cc:114) For 320'th file, average UBM likelihood over 18215 frames is -72.0402
LOG (gmm-gselect[5.5.433~1452-7637d]:main():gmm-gselect.cc:114) For 330'th file, average UBM likelihood over 18503 frames is -72.2492
LOG (gmm-gselect[5.5.433~1452-7637d]:main():gmm-gselect.cc:114) For 340'th file, average UBM likelihood over 15106 frames is -80.3972
LOG (gmm-gselect[5.5.433~1452-7637d]:main():gmm-gselect.cc:114) For 350'th file, average UBM likelihood over 11622 frames is -79.4365
LOG (select-voiced-frames[5.5.433~1452-7637d]:main():select-voiced-frames.cc:106) Done selecting voiced frames; processed 361 utterances, 0 had errors.
LOG (subsample-feats[5.5.433~1452-7637d]:main():subsample-feats.cc:115) Processed 361 feature matrices; 0 with errors.
LOG (subsample-feats[5.5.433~1452-7637d]:main():subsample-feats.cc:117) Processed 5976756 input frames and 5976756 output frames.
LOG (gmm-gselect[5.5.433~1452-7637d]:main():gmm-gselect.cc:114) For 360'th file, average UBM likelihood over 10807 frames is -81.0287
LOG (gmm-gselect[5.5.433~1452-7637d]:main():gmm-gselect.cc:125) Done 361 files, 0 with errors, average UBM log-likelihood is -74.3338 over 5976756 frames.
# Ended (code 0) at Tue Jul 21 06:51:55 SGT 2020, elapsed time 220 seconds
