# gmm-gselect --n=30 exp/diag_ubm_1024/0.dubm "ark,s,cs:add-deltas --delta-window=3 --delta-order=0 scp:data/sre08/split40/25/feats.scp ark:- | select-voiced-frames ark:- scp,s,cs:data/sre08/split40/25/vad.scp ark:- | subsample-feats --n=1 ark:- ark:- |" "ark:|gzip -c >exp/diag_ubm_1024/gselect.25.gz" 
# Invoked at Tue Jul 21 06:48:15 SGT 2020 from node04
#
# Started at Tue Jul 21 06:48:45 SGT 2020 on node01
gmm-gselect --n=30 exp/diag_ubm_1024/0.dubm 'ark,s,cs:add-deltas --delta-window=3 --delta-order=0 scp:data/sre08/split40/25/feats.scp ark:- | select-voiced-frames ark:- scp,s,cs:data/sre08/split40/25/vad.scp ark:- | subsample-feats --n=1 ark:- ark:- |' 'ark:|gzip -c >exp/diag_ubm_1024/gselect.25.gz' 
subsample-feats --n=1 ark:- ark:- 
select-voiced-frames ark:- scp,s,cs:data/sre08/split40/25/vad.scp ark:- 
add-deltas --delta-window=3 --delta-order=0 scp:data/sre08/split40/25/feats.scp ark:- 
LOG (gmm-gselect[5.5.433~1452-7637d]:main():gmm-gselect.cc:114) For 0'th file, average UBM likelihood over 16621 frames is -78.5696
LOG (gmm-gselect[5.5.433~1452-7637d]:main():gmm-gselect.cc:114) For 10'th file, average UBM likelihood over 18300 frames is -74.3337
LOG (gmm-gselect[5.5.433~1452-7637d]:main():gmm-gselect.cc:114) For 20'th file, average UBM likelihood over 15559 frames is -72.0391
LOG (gmm-gselect[5.5.433~1452-7637d]:main():gmm-gselect.cc:114) For 30'th file, average UBM likelihood over 17421 frames is -76.9884
LOG (gmm-gselect[5.5.433~1452-7637d]:main():gmm-gselect.cc:114) For 40'th file, average UBM likelihood over 17468 frames is -77.2753
LOG (gmm-gselect[5.5.433~1452-7637d]:main():gmm-gselect.cc:114) For 50'th file, average UBM likelihood over 18290 frames is -75.897
LOG (gmm-gselect[5.5.433~1452-7637d]:main():gmm-gselect.cc:114) For 60'th file, average UBM likelihood over 18473 frames is -73.0959
LOG (gmm-gselect[5.5.433~1452-7637d]:main():gmm-gselect.cc:114) For 70'th file, average UBM likelihood over 18473 frames is -73.3469
LOG (gmm-gselect[5.5.433~1452-7637d]:main():gmm-gselect.cc:114) For 80'th file, average UBM likelihood over 18243 frames is -77.5675
LOG (gmm-gselect[5.5.433~1452-7637d]:main():gmm-gselect.cc:114) For 90'th file, average UBM likelihood over 18315 frames is -74.5731
LOG (gmm-gselect[5.5.433~1452-7637d]:main():gmm-gselect.cc:114) For 100'th file, average UBM likelihood over 18083 frames is -71.8109
LOG (gmm-gselect[5.5.433~1452-7637d]:main():gmm-gselect.cc:114) For 110'th file, average UBM likelihood over 15251 frames is -78.3892
LOG (gmm-gselect[5.5.433~1452-7637d]:main():gmm-gselect.cc:114) For 120'th file, average UBM likelihood over 18115 frames is -73.1077
LOG (gmm-gselect[5.5.433~1452-7637d]:main():gmm-gselect.cc:114) For 130'th file, average UBM likelihood over 14341 frames is -74.7676
LOG (gmm-gselect[5.5.433~1452-7637d]:main():gmm-gselect.cc:114) For 140'th file, average UBM likelihood over 18138 frames is -71.4527
LOG (gmm-gselect[5.5.433~1452-7637d]:main():gmm-gselect.cc:114) For 150'th file, average UBM likelihood over 18497 frames is -72.0761
LOG (gmm-gselect[5.5.433~1452-7637d]:main():gmm-gselect.cc:114) For 160'th file, average UBM likelihood over 18343 frames is -72.903
LOG (gmm-gselect[5.5.433~1452-7637d]:main():gmm-gselect.cc:114) For 170'th file, average UBM likelihood over 17928 frames is -75.9939
LOG (gmm-gselect[5.5.433~1452-7637d]:main():gmm-gselect.cc:114) For 180'th file, average UBM likelihood over 21753 frames is -77.8555
LOG (gmm-gselect[5.5.433~1452-7637d]:main():gmm-gselect.cc:114) For 190'th file, average UBM likelihood over 17059 frames is -76.7033
LOG (gmm-gselect[5.5.433~1452-7637d]:main():gmm-gselect.cc:114) For 200'th file, average UBM likelihood over 18608 frames is -74.0468
LOG (gmm-gselect[5.5.433~1452-7637d]:main():gmm-gselect.cc:114) For 210'th file, average UBM likelihood over 13659 frames is -75.0287
LOG (gmm-gselect[5.5.433~1452-7637d]:main():gmm-gselect.cc:114) For 220'th file, average UBM likelihood over 18184 frames is -72.7354
LOG (gmm-gselect[5.5.433~1452-7637d]:main():gmm-gselect.cc:114) For 230'th file, average UBM likelihood over 18238 frames is -73.0507
LOG (gmm-gselect[5.5.433~1452-7637d]:main():gmm-gselect.cc:114) For 240'th file, average UBM likelihood over 13928 frames is -73.2396
LOG (select-voiced-frames[5.5.433~1452-7637d]:main():select-voiced-frames.cc:106) Done selecting voiced frames; processed 249 utterances, 0 had errors.
LOG (subsample-feats[5.5.433~1452-7637d]:main():subsample-feats.cc:115) Processed 249 feature matrices; 0 with errors.
LOG (subsample-feats[5.5.433~1452-7637d]:main():subsample-feats.cc:117) Processed 4344034 input frames and 4344034 output frames.
LOG (gmm-gselect[5.5.433~1452-7637d]:main():gmm-gselect.cc:125) Done 249 files, 0 with errors, average UBM log-likelihood is -74.7712 over 4344034 frames.
# Ended (code 0) at Tue Jul 21 06:50:59 SGT 2020, elapsed time 164 seconds
