# ivector-extractor-sum-accs exp/extractor_diag_c1024_i400/acc.1.1 exp/extractor_diag_c1024_i400/acc.1.2 exp/extractor_diag_c1024_i400/acc.1.3 exp/extractor_diag_c1024_i400/acc.1.4 exp/extractor_diag_c1024_i400/acc.1.5 exp/extractor_diag_c1024_i400/acc.1.6 exp/extractor_diag_c1024_i400/acc.1.7 exp/extractor_diag_c1024_i400/acc.1.8 exp/extractor_diag_c1024_i400/acc.1.9 exp/extractor_diag_c1024_i400/acc.1.10 exp/extractor_diag_c1024_i400/acc.1.11 exp/extractor_diag_c1024_i400/acc.1.12 exp/extractor_diag_c1024_i400/acc.1.13 exp/extractor_diag_c1024_i400/acc.1.14 exp/extractor_diag_c1024_i400/acc.1.15 exp/extractor_diag_c1024_i400/acc.1.16 exp/extractor_diag_c1024_i400/acc.1.17 exp/extractor_diag_c1024_i400/acc.1.18 exp/extractor_diag_c1024_i400/acc.1.19 exp/extractor_diag_c1024_i400/acc.1.20 exp/extractor_diag_c1024_i400/acc.1.21 exp/extractor_diag_c1024_i400/acc.1.22 exp/extractor_diag_c1024_i400/acc.1.23 exp/extractor_diag_c1024_i400/acc.1.24 exp/extractor_diag_c1024_i400/acc.1.25 exp/extractor_diag_c1024_i400/acc.1.26 exp/extractor_diag_c1024_i400/acc.1.27 exp/extractor_diag_c1024_i400/acc.1.28 exp/extractor_diag_c1024_i400/acc.1.29 exp/extractor_diag_c1024_i400/acc.1.30 exp/extractor_diag_c1024_i400/acc.1.31 exp/extractor_diag_c1024_i400/acc.1.32 exp/extractor_diag_c1024_i400/acc.1.33 exp/extractor_diag_c1024_i400/acc.1.34 exp/extractor_diag_c1024_i400/acc.1.35 exp/extractor_diag_c1024_i400/acc.1.36 exp/extractor_diag_c1024_i400/acc.1.37 exp/extractor_diag_c1024_i400/acc.1.38 exp/extractor_diag_c1024_i400/acc.1.39 exp/extractor_diag_c1024_i400/acc.1.40 exp/extractor_diag_c1024_i400/acc.1 
# Invoked at Tue Jul 21 07:47:30 SGT 2020 from node04
#
# Started at Tue Jul 21 07:47:47 SGT 2020 on node04
ivector-extractor-sum-accs exp/extractor_diag_c1024_i400/acc.1.1 exp/extractor_diag_c1024_i400/acc.1.2 exp/extractor_diag_c1024_i400/acc.1.3 exp/extractor_diag_c1024_i400/acc.1.4 exp/extractor_diag_c1024_i400/acc.1.5 exp/extractor_diag_c1024_i400/acc.1.6 exp/extractor_diag_c1024_i400/acc.1.7 exp/extractor_diag_c1024_i400/acc.1.8 exp/extractor_diag_c1024_i400/acc.1.9 exp/extractor_diag_c1024_i400/acc.1.10 exp/extractor_diag_c1024_i400/acc.1.11 exp/extractor_diag_c1024_i400/acc.1.12 exp/extractor_diag_c1024_i400/acc.1.13 exp/extractor_diag_c1024_i400/acc.1.14 exp/extractor_diag_c1024_i400/acc.1.15 exp/extractor_diag_c1024_i400/acc.1.16 exp/extractor_diag_c1024_i400/acc.1.17 exp/extractor_diag_c1024_i400/acc.1.18 exp/extractor_diag_c1024_i400/acc.1.19 exp/extractor_diag_c1024_i400/acc.1.20 exp/extractor_diag_c1024_i400/acc.1.21 exp/extractor_diag_c1024_i400/acc.1.22 exp/extractor_diag_c1024_i400/acc.1.23 exp/extractor_diag_c1024_i400/acc.1.24 exp/extractor_diag_c1024_i400/acc.1.25 exp/extractor_diag_c1024_i400/acc.1.26 exp/extractor_diag_c1024_i400/acc.1.27 exp/extractor_diag_c1024_i400/acc.1.28 exp/extractor_diag_c1024_i400/acc.1.29 exp/extractor_diag_c1024_i400/acc.1.30 exp/extractor_diag_c1024_i400/acc.1.31 exp/extractor_diag_c1024_i400/acc.1.32 exp/extractor_diag_c1024_i400/acc.1.33 exp/extractor_diag_c1024_i400/acc.1.34 exp/extractor_diag_c1024_i400/acc.1.35 exp/extractor_diag_c1024_i400/acc.1.36 exp/extractor_diag_c1024_i400/acc.1.37 exp/extractor_diag_c1024_i400/acc.1.38 exp/extractor_diag_c1024_i400/acc.1.39 exp/extractor_diag_c1024_i400/acc.1.40 exp/extractor_diag_c1024_i400/acc.1 
LOG (ivector-extractor-sum-accs[5.5.433~1452-7637d]:main():ivector-extractor-sum-accs.cc:74) Reading stats from exp/extractor_diag_c1024_i400/acc.1.1
LOG (ivector-extractor-sum-accs[5.5.433~1452-7637d]:main():ivector-extractor-sum-accs.cc:74) Reading stats from exp/extractor_diag_c1024_i400/acc.1.2
LOG (ivector-extractor-sum-accs[5.5.433~1452-7637d]:main():ivector-extractor-sum-accs.cc:74) Reading stats from exp/extractor_diag_c1024_i400/acc.1.3
LOG (ivector-extractor-sum-accs[5.5.433~1452-7637d]:main():ivector-extractor-sum-accs.cc:74) Reading stats from exp/extractor_diag_c1024_i400/acc.1.4
LOG (ivector-extractor-sum-accs[5.5.433~1452-7637d]:main():ivector-extractor-sum-accs.cc:74) Reading stats from exp/extractor_diag_c1024_i400/acc.1.5
LOG (ivector-extractor-sum-accs[5.5.433~1452-7637d]:main():ivector-extractor-sum-accs.cc:74) Reading stats from exp/extractor_diag_c1024_i400/acc.1.6
LOG (ivector-extractor-sum-accs[5.5.433~1452-7637d]:main():ivector-extractor-sum-accs.cc:74) Reading stats from exp/extractor_diag_c1024_i400/acc.1.7
LOG (ivector-extractor-sum-accs[5.5.433~1452-7637d]:main():ivector-extractor-sum-accs.cc:74) Reading stats from exp/extractor_diag_c1024_i400/acc.1.8
LOG (ivector-extractor-sum-accs[5.5.433~1452-7637d]:main():ivector-extractor-sum-accs.cc:74) Reading stats from exp/extractor_diag_c1024_i400/acc.1.9
LOG (ivector-extractor-sum-accs[5.5.433~1452-7637d]:main():ivector-extractor-sum-accs.cc:74) Reading stats from exp/extractor_diag_c1024_i400/acc.1.10
LOG (ivector-extractor-sum-accs[5.5.433~1452-7637d]:main():ivector-extractor-sum-accs.cc:74) Reading stats from exp/extractor_diag_c1024_i400/acc.1.11
LOG (ivector-extractor-sum-accs[5.5.433~1452-7637d]:main():ivector-extractor-sum-accs.cc:74) Reading stats from exp/extractor_diag_c1024_i400/acc.1.12
LOG (ivector-extractor-sum-accs[5.5.433~1452-7637d]:main():ivector-extractor-sum-accs.cc:74) Reading stats from exp/extractor_diag_c1024_i400/acc.1.13
LOG (ivector-extractor-sum-accs[5.5.433~1452-7637d]:main():ivector-extractor-sum-accs.cc:74) Reading stats from exp/extractor_diag_c1024_i400/acc.1.14
LOG (ivector-extractor-sum-accs[5.5.433~1452-7637d]:main():ivector-extractor-sum-accs.cc:74) Reading stats from exp/extractor_diag_c1024_i400/acc.1.15
LOG (ivector-extractor-sum-accs[5.5.433~1452-7637d]:main():ivector-extractor-sum-accs.cc:74) Reading stats from exp/extractor_diag_c1024_i400/acc.1.16
LOG (ivector-extractor-sum-accs[5.5.433~1452-7637d]:main():ivector-extractor-sum-accs.cc:74) Reading stats from exp/extractor_diag_c1024_i400/acc.1.17
LOG (ivector-extractor-sum-accs[5.5.433~1452-7637d]:main():ivector-extractor-sum-accs.cc:74) Reading stats from exp/extractor_diag_c1024_i400/acc.1.18
LOG (ivector-extractor-sum-accs[5.5.433~1452-7637d]:main():ivector-extractor-sum-accs.cc:74) Reading stats from exp/extractor_diag_c1024_i400/acc.1.19
LOG (ivector-extractor-sum-accs[5.5.433~1452-7637d]:main():ivector-extractor-sum-accs.cc:74) Reading stats from exp/extractor_diag_c1024_i400/acc.1.20
LOG (ivector-extractor-sum-accs[5.5.433~1452-7637d]:main():ivector-extractor-sum-accs.cc:74) Reading stats from exp/extractor_diag_c1024_i400/acc.1.21
LOG (ivector-extractor-sum-accs[5.5.433~1452-7637d]:main():ivector-extractor-sum-accs.cc:74) Reading stats from exp/extractor_diag_c1024_i400/acc.1.22
LOG (ivector-extractor-sum-accs[5.5.433~1452-7637d]:main():ivector-extractor-sum-accs.cc:74) Reading stats from exp/extractor_diag_c1024_i400/acc.1.23
LOG (ivector-extractor-sum-accs[5.5.433~1452-7637d]:main():ivector-extractor-sum-accs.cc:74) Reading stats from exp/extractor_diag_c1024_i400/acc.1.24
LOG (ivector-extractor-sum-accs[5.5.433~1452-7637d]:main():ivector-extractor-sum-accs.cc:74) Reading stats from exp/extractor_diag_c1024_i400/acc.1.25
LOG (ivector-extractor-sum-accs[5.5.433~1452-7637d]:main():ivector-extractor-sum-accs.cc:74) Reading stats from exp/extractor_diag_c1024_i400/acc.1.26
LOG (ivector-extractor-sum-accs[5.5.433~1452-7637d]:main():ivector-extractor-sum-accs.cc:74) Reading stats from exp/extractor_diag_c1024_i400/acc.1.27
LOG (ivector-extractor-sum-accs[5.5.433~1452-7637d]:main():ivector-extractor-sum-accs.cc:74) Reading stats from exp/extractor_diag_c1024_i400/acc.1.28
LOG (ivector-extractor-sum-accs[5.5.433~1452-7637d]:main():ivector-extractor-sum-accs.cc:74) Reading stats from exp/extractor_diag_c1024_i400/acc.1.29
LOG (ivector-extractor-sum-accs[5.5.433~1452-7637d]:main():ivector-extractor-sum-accs.cc:74) Reading stats from exp/extractor_diag_c1024_i400/acc.1.30
LOG (ivector-extractor-sum-accs[5.5.433~1452-7637d]:main():ivector-extractor-sum-accs.cc:74) Reading stats from exp/extractor_diag_c1024_i400/acc.1.31
LOG (ivector-extractor-sum-accs[5.5.433~1452-7637d]:main():ivector-extractor-sum-accs.cc:74) Reading stats from exp/extractor_diag_c1024_i400/acc.1.32
LOG (ivector-extractor-sum-accs[5.5.433~1452-7637d]:main():ivector-extractor-sum-accs.cc:74) Reading stats from exp/extractor_diag_c1024_i400/acc.1.33
LOG (ivector-extractor-sum-accs[5.5.433~1452-7637d]:main():ivector-extractor-sum-accs.cc:74) Reading stats from exp/extractor_diag_c1024_i400/acc.1.34
LOG (ivector-extractor-sum-accs[5.5.433~1452-7637d]:main():ivector-extractor-sum-accs.cc:74) Reading stats from exp/extractor_diag_c1024_i400/acc.1.35
LOG (ivector-extractor-sum-accs[5.5.433~1452-7637d]:main():ivector-extractor-sum-accs.cc:74) Reading stats from exp/extractor_diag_c1024_i400/acc.1.36
LOG (ivector-extractor-sum-accs[5.5.433~1452-7637d]:main():ivector-extractor-sum-accs.cc:74) Reading stats from exp/extractor_diag_c1024_i400/acc.1.37
LOG (ivector-extractor-sum-accs[5.5.433~1452-7637d]:main():ivector-extractor-sum-accs.cc:74) Reading stats from exp/extractor_diag_c1024_i400/acc.1.38
LOG (ivector-extractor-sum-accs[5.5.433~1452-7637d]:main():ivector-extractor-sum-accs.cc:74) Reading stats from exp/extractor_diag_c1024_i400/acc.1.39
LOG (ivector-extractor-sum-accs[5.5.433~1452-7637d]:main():ivector-extractor-sum-accs.cc:74) Reading stats from exp/extractor_diag_c1024_i400/acc.1.40
LOG (ivector-extractor-sum-accs[5.5.433~1452-7637d]:main():ivector-extractor-sum-accs.cc:83) Wrote summed stats to exp/extractor_diag_c1024_i400/acc.1
# Ended (code 0) at Tue Jul 21 07:49:59 SGT 2020, elapsed time 149 seconds
