# ivector-extractor-sum-accs exp/extractor_diag_c1024_i400/acc.3.1 exp/extractor_diag_c1024_i400/acc.3.2 exp/extractor_diag_c1024_i400/acc.3.3 exp/extractor_diag_c1024_i400/acc.3.4 exp/extractor_diag_c1024_i400/acc.3.5 exp/extractor_diag_c1024_i400/acc.3.6 exp/extractor_diag_c1024_i400/acc.3.7 exp/extractor_diag_c1024_i400/acc.3.8 exp/extractor_diag_c1024_i400/acc.3.9 exp/extractor_diag_c1024_i400/acc.3.10 exp/extractor_diag_c1024_i400/acc.3.11 exp/extractor_diag_c1024_i400/acc.3.12 exp/extractor_diag_c1024_i400/acc.3.13 exp/extractor_diag_c1024_i400/acc.3.14 exp/extractor_diag_c1024_i400/acc.3.15 exp/extractor_diag_c1024_i400/acc.3.16 exp/extractor_diag_c1024_i400/acc.3.17 exp/extractor_diag_c1024_i400/acc.3.18 exp/extractor_diag_c1024_i400/acc.3.19 exp/extractor_diag_c1024_i400/acc.3.20 exp/extractor_diag_c1024_i400/acc.3.21 exp/extractor_diag_c1024_i400/acc.3.22 exp/extractor_diag_c1024_i400/acc.3.23 exp/extractor_diag_c1024_i400/acc.3.24 exp/extractor_diag_c1024_i400/acc.3.25 exp/extractor_diag_c1024_i400/acc.3.26 exp/extractor_diag_c1024_i400/acc.3.27 exp/extractor_diag_c1024_i400/acc.3.28 exp/extractor_diag_c1024_i400/acc.3.29 exp/extractor_diag_c1024_i400/acc.3.30 exp/extractor_diag_c1024_i400/acc.3.31 exp/extractor_diag_c1024_i400/acc.3.32 exp/extractor_diag_c1024_i400/acc.3.33 exp/extractor_diag_c1024_i400/acc.3.34 exp/extractor_diag_c1024_i400/acc.3.35 exp/extractor_diag_c1024_i400/acc.3.36 exp/extractor_diag_c1024_i400/acc.3.37 exp/extractor_diag_c1024_i400/acc.3.38 exp/extractor_diag_c1024_i400/acc.3.39 exp/extractor_diag_c1024_i400/acc.3.40 exp/extractor_diag_c1024_i400/acc.3 
# Invoked at Tue Jul 21 08:00:44 SGT 2020 from node04
#
# Started at Tue Jul 21 08:01:25 SGT 2020 on node04
ivector-extractor-sum-accs exp/extractor_diag_c1024_i400/acc.3.1 exp/extractor_diag_c1024_i400/acc.3.2 exp/extractor_diag_c1024_i400/acc.3.3 exp/extractor_diag_c1024_i400/acc.3.4 exp/extractor_diag_c1024_i400/acc.3.5 exp/extractor_diag_c1024_i400/acc.3.6 exp/extractor_diag_c1024_i400/acc.3.7 exp/extractor_diag_c1024_i400/acc.3.8 exp/extractor_diag_c1024_i400/acc.3.9 exp/extractor_diag_c1024_i400/acc.3.10 exp/extractor_diag_c1024_i400/acc.3.11 exp/extractor_diag_c1024_i400/acc.3.12 exp/extractor_diag_c1024_i400/acc.3.13 exp/extractor_diag_c1024_i400/acc.3.14 exp/extractor_diag_c1024_i400/acc.3.15 exp/extractor_diag_c1024_i400/acc.3.16 exp/extractor_diag_c1024_i400/acc.3.17 exp/extractor_diag_c1024_i400/acc.3.18 exp/extractor_diag_c1024_i400/acc.3.19 exp/extractor_diag_c1024_i400/acc.3.20 exp/extractor_diag_c1024_i400/acc.3.21 exp/extractor_diag_c1024_i400/acc.3.22 exp/extractor_diag_c1024_i400/acc.3.23 exp/extractor_diag_c1024_i400/acc.3.24 exp/extractor_diag_c1024_i400/acc.3.25 exp/extractor_diag_c1024_i400/acc.3.26 exp/extractor_diag_c1024_i400/acc.3.27 exp/extractor_diag_c1024_i400/acc.3.28 exp/extractor_diag_c1024_i400/acc.3.29 exp/extractor_diag_c1024_i400/acc.3.30 exp/extractor_diag_c1024_i400/acc.3.31 exp/extractor_diag_c1024_i400/acc.3.32 exp/extractor_diag_c1024_i400/acc.3.33 exp/extractor_diag_c1024_i400/acc.3.34 exp/extractor_diag_c1024_i400/acc.3.35 exp/extractor_diag_c1024_i400/acc.3.36 exp/extractor_diag_c1024_i400/acc.3.37 exp/extractor_diag_c1024_i400/acc.3.38 exp/extractor_diag_c1024_i400/acc.3.39 exp/extractor_diag_c1024_i400/acc.3.40 exp/extractor_diag_c1024_i400/acc.3 
LOG (ivector-extractor-sum-accs[5.5.433~1452-7637d]:main():ivector-extractor-sum-accs.cc:74) Reading stats from exp/extractor_diag_c1024_i400/acc.3.1
LOG (ivector-extractor-sum-accs[5.5.433~1452-7637d]:main():ivector-extractor-sum-accs.cc:74) Reading stats from exp/extractor_diag_c1024_i400/acc.3.2
LOG (ivector-extractor-sum-accs[5.5.433~1452-7637d]:main():ivector-extractor-sum-accs.cc:74) Reading stats from exp/extractor_diag_c1024_i400/acc.3.3
LOG (ivector-extractor-sum-accs[5.5.433~1452-7637d]:main():ivector-extractor-sum-accs.cc:74) Reading stats from exp/extractor_diag_c1024_i400/acc.3.4
LOG (ivector-extractor-sum-accs[5.5.433~1452-7637d]:main():ivector-extractor-sum-accs.cc:74) Reading stats from exp/extractor_diag_c1024_i400/acc.3.5
LOG (ivector-extractor-sum-accs[5.5.433~1452-7637d]:main():ivector-extractor-sum-accs.cc:74) Reading stats from exp/extractor_diag_c1024_i400/acc.3.6
LOG (ivector-extractor-sum-accs[5.5.433~1452-7637d]:main():ivector-extractor-sum-accs.cc:74) Reading stats from exp/extractor_diag_c1024_i400/acc.3.7
LOG (ivector-extractor-sum-accs[5.5.433~1452-7637d]:main():ivector-extractor-sum-accs.cc:74) Reading stats from exp/extractor_diag_c1024_i400/acc.3.8
LOG (ivector-extractor-sum-accs[5.5.433~1452-7637d]:main():ivector-extractor-sum-accs.cc:74) Reading stats from exp/extractor_diag_c1024_i400/acc.3.9
LOG (ivector-extractor-sum-accs[5.5.433~1452-7637d]:main():ivector-extractor-sum-accs.cc:74) Reading stats from exp/extractor_diag_c1024_i400/acc.3.10
LOG (ivector-extractor-sum-accs[5.5.433~1452-7637d]:main():ivector-extractor-sum-accs.cc:74) Reading stats from exp/extractor_diag_c1024_i400/acc.3.11
LOG (ivector-extractor-sum-accs[5.5.433~1452-7637d]:main():ivector-extractor-sum-accs.cc:74) Reading stats from exp/extractor_diag_c1024_i400/acc.3.12
LOG (ivector-extractor-sum-accs[5.5.433~1452-7637d]:main():ivector-extractor-sum-accs.cc:74) Reading stats from exp/extractor_diag_c1024_i400/acc.3.13
LOG (ivector-extractor-sum-accs[5.5.433~1452-7637d]:main():ivector-extractor-sum-accs.cc:74) Reading stats from exp/extractor_diag_c1024_i400/acc.3.14
LOG (ivector-extractor-sum-accs[5.5.433~1452-7637d]:main():ivector-extractor-sum-accs.cc:74) Reading stats from exp/extractor_diag_c1024_i400/acc.3.15
LOG (ivector-extractor-sum-accs[5.5.433~1452-7637d]:main():ivector-extractor-sum-accs.cc:74) Reading stats from exp/extractor_diag_c1024_i400/acc.3.16
LOG (ivector-extractor-sum-accs[5.5.433~1452-7637d]:main():ivector-extractor-sum-accs.cc:74) Reading stats from exp/extractor_diag_c1024_i400/acc.3.17
LOG (ivector-extractor-sum-accs[5.5.433~1452-7637d]:main():ivector-extractor-sum-accs.cc:74) Reading stats from exp/extractor_diag_c1024_i400/acc.3.18
LOG (ivector-extractor-sum-accs[5.5.433~1452-7637d]:main():ivector-extractor-sum-accs.cc:74) Reading stats from exp/extractor_diag_c1024_i400/acc.3.19
LOG (ivector-extractor-sum-accs[5.5.433~1452-7637d]:main():ivector-extractor-sum-accs.cc:74) Reading stats from exp/extractor_diag_c1024_i400/acc.3.20
LOG (ivector-extractor-sum-accs[5.5.433~1452-7637d]:main():ivector-extractor-sum-accs.cc:74) Reading stats from exp/extractor_diag_c1024_i400/acc.3.21
LOG (ivector-extractor-sum-accs[5.5.433~1452-7637d]:main():ivector-extractor-sum-accs.cc:74) Reading stats from exp/extractor_diag_c1024_i400/acc.3.22
LOG (ivector-extractor-sum-accs[5.5.433~1452-7637d]:main():ivector-extractor-sum-accs.cc:74) Reading stats from exp/extractor_diag_c1024_i400/acc.3.23
LOG (ivector-extractor-sum-accs[5.5.433~1452-7637d]:main():ivector-extractor-sum-accs.cc:74) Reading stats from exp/extractor_diag_c1024_i400/acc.3.24
LOG (ivector-extractor-sum-accs[5.5.433~1452-7637d]:main():ivector-extractor-sum-accs.cc:74) Reading stats from exp/extractor_diag_c1024_i400/acc.3.25
LOG (ivector-extractor-sum-accs[5.5.433~1452-7637d]:main():ivector-extractor-sum-accs.cc:74) Reading stats from exp/extractor_diag_c1024_i400/acc.3.26
LOG (ivector-extractor-sum-accs[5.5.433~1452-7637d]:main():ivector-extractor-sum-accs.cc:74) Reading stats from exp/extractor_diag_c1024_i400/acc.3.27
LOG (ivector-extractor-sum-accs[5.5.433~1452-7637d]:main():ivector-extractor-sum-accs.cc:74) Reading stats from exp/extractor_diag_c1024_i400/acc.3.28
LOG (ivector-extractor-sum-accs[5.5.433~1452-7637d]:main():ivector-extractor-sum-accs.cc:74) Reading stats from exp/extractor_diag_c1024_i400/acc.3.29
LOG (ivector-extractor-sum-accs[5.5.433~1452-7637d]:main():ivector-extractor-sum-accs.cc:74) Reading stats from exp/extractor_diag_c1024_i400/acc.3.30
LOG (ivector-extractor-sum-accs[5.5.433~1452-7637d]:main():ivector-extractor-sum-accs.cc:74) Reading stats from exp/extractor_diag_c1024_i400/acc.3.31
LOG (ivector-extractor-sum-accs[5.5.433~1452-7637d]:main():ivector-extractor-sum-accs.cc:74) Reading stats from exp/extractor_diag_c1024_i400/acc.3.32
LOG (ivector-extractor-sum-accs[5.5.433~1452-7637d]:main():ivector-extractor-sum-accs.cc:74) Reading stats from exp/extractor_diag_c1024_i400/acc.3.33
LOG (ivector-extractor-sum-accs[5.5.433~1452-7637d]:main():ivector-extractor-sum-accs.cc:74) Reading stats from exp/extractor_diag_c1024_i400/acc.3.34
LOG (ivector-extractor-sum-accs[5.5.433~1452-7637d]:main():ivector-extractor-sum-accs.cc:74) Reading stats from exp/extractor_diag_c1024_i400/acc.3.35
LOG (ivector-extractor-sum-accs[5.5.433~1452-7637d]:main():ivector-extractor-sum-accs.cc:74) Reading stats from exp/extractor_diag_c1024_i400/acc.3.36
LOG (ivector-extractor-sum-accs[5.5.433~1452-7637d]:main():ivector-extractor-sum-accs.cc:74) Reading stats from exp/extractor_diag_c1024_i400/acc.3.37
LOG (ivector-extractor-sum-accs[5.5.433~1452-7637d]:main():ivector-extractor-sum-accs.cc:74) Reading stats from exp/extractor_diag_c1024_i400/acc.3.38
LOG (ivector-extractor-sum-accs[5.5.433~1452-7637d]:main():ivector-extractor-sum-accs.cc:74) Reading stats from exp/extractor_diag_c1024_i400/acc.3.39
LOG (ivector-extractor-sum-accs[5.5.433~1452-7637d]:main():ivector-extractor-sum-accs.cc:74) Reading stats from exp/extractor_diag_c1024_i400/acc.3.40
LOG (ivector-extractor-sum-accs[5.5.433~1452-7637d]:main():ivector-extractor-sum-accs.cc:83) Wrote summed stats to exp/extractor_diag_c1024_i400/acc.3
# Ended (code 0) at Tue Jul 21 08:02:11 SGT 2020, elapsed time 87 seconds
