# ivector-extractor-sum-accs exp/extractor_diag_c1024_i400/acc.0.1 exp/extractor_diag_c1024_i400/acc.0.2 exp/extractor_diag_c1024_i400/acc.0.3 exp/extractor_diag_c1024_i400/acc.0.4 exp/extractor_diag_c1024_i400/acc.0.5 exp/extractor_diag_c1024_i400/acc.0.6 exp/extractor_diag_c1024_i400/acc.0.7 exp/extractor_diag_c1024_i400/acc.0.8 exp/extractor_diag_c1024_i400/acc.0.9 exp/extractor_diag_c1024_i400/acc.0.10 exp/extractor_diag_c1024_i400/acc.0.11 exp/extractor_diag_c1024_i400/acc.0.12 exp/extractor_diag_c1024_i400/acc.0.13 exp/extractor_diag_c1024_i400/acc.0.14 exp/extractor_diag_c1024_i400/acc.0.15 exp/extractor_diag_c1024_i400/acc.0.16 exp/extractor_diag_c1024_i400/acc.0.17 exp/extractor_diag_c1024_i400/acc.0.18 exp/extractor_diag_c1024_i400/acc.0.19 exp/extractor_diag_c1024_i400/acc.0.20 exp/extractor_diag_c1024_i400/acc.0.21 exp/extractor_diag_c1024_i400/acc.0.22 exp/extractor_diag_c1024_i400/acc.0.23 exp/extractor_diag_c1024_i400/acc.0.24 exp/extractor_diag_c1024_i400/acc.0.25 exp/extractor_diag_c1024_i400/acc.0.26 exp/extractor_diag_c1024_i400/acc.0.27 exp/extractor_diag_c1024_i400/acc.0.28 exp/extractor_diag_c1024_i400/acc.0.29 exp/extractor_diag_c1024_i400/acc.0.30 exp/extractor_diag_c1024_i400/acc.0.31 exp/extractor_diag_c1024_i400/acc.0.32 exp/extractor_diag_c1024_i400/acc.0.33 exp/extractor_diag_c1024_i400/acc.0.34 exp/extractor_diag_c1024_i400/acc.0.35 exp/extractor_diag_c1024_i400/acc.0.36 exp/extractor_diag_c1024_i400/acc.0.37 exp/extractor_diag_c1024_i400/acc.0.38 exp/extractor_diag_c1024_i400/acc.0.39 exp/extractor_diag_c1024_i400/acc.0.40 exp/extractor_diag_c1024_i400/acc.0 
# Invoked at Tue Jul 21 07:41:26 SGT 2020 from node04
#
# Started at Tue Jul 21 07:41:55 SGT 2020 on node03
ivector-extractor-sum-accs exp/extractor_diag_c1024_i400/acc.0.1 exp/extractor_diag_c1024_i400/acc.0.2 exp/extractor_diag_c1024_i400/acc.0.3 exp/extractor_diag_c1024_i400/acc.0.4 exp/extractor_diag_c1024_i400/acc.0.5 exp/extractor_diag_c1024_i400/acc.0.6 exp/extractor_diag_c1024_i400/acc.0.7 exp/extractor_diag_c1024_i400/acc.0.8 exp/extractor_diag_c1024_i400/acc.0.9 exp/extractor_diag_c1024_i400/acc.0.10 exp/extractor_diag_c1024_i400/acc.0.11 exp/extractor_diag_c1024_i400/acc.0.12 exp/extractor_diag_c1024_i400/acc.0.13 exp/extractor_diag_c1024_i400/acc.0.14 exp/extractor_diag_c1024_i400/acc.0.15 exp/extractor_diag_c1024_i400/acc.0.16 exp/extractor_diag_c1024_i400/acc.0.17 exp/extractor_diag_c1024_i400/acc.0.18 exp/extractor_diag_c1024_i400/acc.0.19 exp/extractor_diag_c1024_i400/acc.0.20 exp/extractor_diag_c1024_i400/acc.0.21 exp/extractor_diag_c1024_i400/acc.0.22 exp/extractor_diag_c1024_i400/acc.0.23 exp/extractor_diag_c1024_i400/acc.0.24 exp/extractor_diag_c1024_i400/acc.0.25 exp/extractor_diag_c1024_i400/acc.0.26 exp/extractor_diag_c1024_i400/acc.0.27 exp/extractor_diag_c1024_i400/acc.0.28 exp/extractor_diag_c1024_i400/acc.0.29 exp/extractor_diag_c1024_i400/acc.0.30 exp/extractor_diag_c1024_i400/acc.0.31 exp/extractor_diag_c1024_i400/acc.0.32 exp/extractor_diag_c1024_i400/acc.0.33 exp/extractor_diag_c1024_i400/acc.0.34 exp/extractor_diag_c1024_i400/acc.0.35 exp/extractor_diag_c1024_i400/acc.0.36 exp/extractor_diag_c1024_i400/acc.0.37 exp/extractor_diag_c1024_i400/acc.0.38 exp/extractor_diag_c1024_i400/acc.0.39 exp/extractor_diag_c1024_i400/acc.0.40 exp/extractor_diag_c1024_i400/acc.0 
LOG (ivector-extractor-sum-accs[5.5.433~1452-7637d]:main():ivector-extractor-sum-accs.cc:74) Reading stats from exp/extractor_diag_c1024_i400/acc.0.1
LOG (ivector-extractor-sum-accs[5.5.433~1452-7637d]:main():ivector-extractor-sum-accs.cc:74) Reading stats from exp/extractor_diag_c1024_i400/acc.0.2
LOG (ivector-extractor-sum-accs[5.5.433~1452-7637d]:main():ivector-extractor-sum-accs.cc:74) Reading stats from exp/extractor_diag_c1024_i400/acc.0.3
LOG (ivector-extractor-sum-accs[5.5.433~1452-7637d]:main():ivector-extractor-sum-accs.cc:74) Reading stats from exp/extractor_diag_c1024_i400/acc.0.4
LOG (ivector-extractor-sum-accs[5.5.433~1452-7637d]:main():ivector-extractor-sum-accs.cc:74) Reading stats from exp/extractor_diag_c1024_i400/acc.0.5
LOG (ivector-extractor-sum-accs[5.5.433~1452-7637d]:main():ivector-extractor-sum-accs.cc:74) Reading stats from exp/extractor_diag_c1024_i400/acc.0.6
LOG (ivector-extractor-sum-accs[5.5.433~1452-7637d]:main():ivector-extractor-sum-accs.cc:74) Reading stats from exp/extractor_diag_c1024_i400/acc.0.7
LOG (ivector-extractor-sum-accs[5.5.433~1452-7637d]:main():ivector-extractor-sum-accs.cc:74) Reading stats from exp/extractor_diag_c1024_i400/acc.0.8
LOG (ivector-extractor-sum-accs[5.5.433~1452-7637d]:main():ivector-extractor-sum-accs.cc:74) Reading stats from exp/extractor_diag_c1024_i400/acc.0.9
LOG (ivector-extractor-sum-accs[5.5.433~1452-7637d]:main():ivector-extractor-sum-accs.cc:74) Reading stats from exp/extractor_diag_c1024_i400/acc.0.10
LOG (ivector-extractor-sum-accs[5.5.433~1452-7637d]:main():ivector-extractor-sum-accs.cc:74) Reading stats from exp/extractor_diag_c1024_i400/acc.0.11
LOG (ivector-extractor-sum-accs[5.5.433~1452-7637d]:main():ivector-extractor-sum-accs.cc:74) Reading stats from exp/extractor_diag_c1024_i400/acc.0.12
LOG (ivector-extractor-sum-accs[5.5.433~1452-7637d]:main():ivector-extractor-sum-accs.cc:74) Reading stats from exp/extractor_diag_c1024_i400/acc.0.13
LOG (ivector-extractor-sum-accs[5.5.433~1452-7637d]:main():ivector-extractor-sum-accs.cc:74) Reading stats from exp/extractor_diag_c1024_i400/acc.0.14
LOG (ivector-extractor-sum-accs[5.5.433~1452-7637d]:main():ivector-extractor-sum-accs.cc:74) Reading stats from exp/extractor_diag_c1024_i400/acc.0.15
LOG (ivector-extractor-sum-accs[5.5.433~1452-7637d]:main():ivector-extractor-sum-accs.cc:74) Reading stats from exp/extractor_diag_c1024_i400/acc.0.16
LOG (ivector-extractor-sum-accs[5.5.433~1452-7637d]:main():ivector-extractor-sum-accs.cc:74) Reading stats from exp/extractor_diag_c1024_i400/acc.0.17
LOG (ivector-extractor-sum-accs[5.5.433~1452-7637d]:main():ivector-extractor-sum-accs.cc:74) Reading stats from exp/extractor_diag_c1024_i400/acc.0.18
LOG (ivector-extractor-sum-accs[5.5.433~1452-7637d]:main():ivector-extractor-sum-accs.cc:74) Reading stats from exp/extractor_diag_c1024_i400/acc.0.19
LOG (ivector-extractor-sum-accs[5.5.433~1452-7637d]:main():ivector-extractor-sum-accs.cc:74) Reading stats from exp/extractor_diag_c1024_i400/acc.0.20
LOG (ivector-extractor-sum-accs[5.5.433~1452-7637d]:main():ivector-extractor-sum-accs.cc:74) Reading stats from exp/extractor_diag_c1024_i400/acc.0.21
LOG (ivector-extractor-sum-accs[5.5.433~1452-7637d]:main():ivector-extractor-sum-accs.cc:74) Reading stats from exp/extractor_diag_c1024_i400/acc.0.22
LOG (ivector-extractor-sum-accs[5.5.433~1452-7637d]:main():ivector-extractor-sum-accs.cc:74) Reading stats from exp/extractor_diag_c1024_i400/acc.0.23
LOG (ivector-extractor-sum-accs[5.5.433~1452-7637d]:main():ivector-extractor-sum-accs.cc:74) Reading stats from exp/extractor_diag_c1024_i400/acc.0.24
LOG (ivector-extractor-sum-accs[5.5.433~1452-7637d]:main():ivector-extractor-sum-accs.cc:74) Reading stats from exp/extractor_diag_c1024_i400/acc.0.25
LOG (ivector-extractor-sum-accs[5.5.433~1452-7637d]:main():ivector-extractor-sum-accs.cc:74) Reading stats from exp/extractor_diag_c1024_i400/acc.0.26
LOG (ivector-extractor-sum-accs[5.5.433~1452-7637d]:main():ivector-extractor-sum-accs.cc:74) Reading stats from exp/extractor_diag_c1024_i400/acc.0.27
LOG (ivector-extractor-sum-accs[5.5.433~1452-7637d]:main():ivector-extractor-sum-accs.cc:74) Reading stats from exp/extractor_diag_c1024_i400/acc.0.28
LOG (ivector-extractor-sum-accs[5.5.433~1452-7637d]:main():ivector-extractor-sum-accs.cc:74) Reading stats from exp/extractor_diag_c1024_i400/acc.0.29
LOG (ivector-extractor-sum-accs[5.5.433~1452-7637d]:main():ivector-extractor-sum-accs.cc:74) Reading stats from exp/extractor_diag_c1024_i400/acc.0.30
LOG (ivector-extractor-sum-accs[5.5.433~1452-7637d]:main():ivector-extractor-sum-accs.cc:74) Reading stats from exp/extractor_diag_c1024_i400/acc.0.31
LOG (ivector-extractor-sum-accs[5.5.433~1452-7637d]:main():ivector-extractor-sum-accs.cc:74) Reading stats from exp/extractor_diag_c1024_i400/acc.0.32
LOG (ivector-extractor-sum-accs[5.5.433~1452-7637d]:main():ivector-extractor-sum-accs.cc:74) Reading stats from exp/extractor_diag_c1024_i400/acc.0.33
LOG (ivector-extractor-sum-accs[5.5.433~1452-7637d]:main():ivector-extractor-sum-accs.cc:74) Reading stats from exp/extractor_diag_c1024_i400/acc.0.34
LOG (ivector-extractor-sum-accs[5.5.433~1452-7637d]:main():ivector-extractor-sum-accs.cc:74) Reading stats from exp/extractor_diag_c1024_i400/acc.0.35
LOG (ivector-extractor-sum-accs[5.5.433~1452-7637d]:main():ivector-extractor-sum-accs.cc:74) Reading stats from exp/extractor_diag_c1024_i400/acc.0.36
LOG (ivector-extractor-sum-accs[5.5.433~1452-7637d]:main():ivector-extractor-sum-accs.cc:74) Reading stats from exp/extractor_diag_c1024_i400/acc.0.37
LOG (ivector-extractor-sum-accs[5.5.433~1452-7637d]:main():ivector-extractor-sum-accs.cc:74) Reading stats from exp/extractor_diag_c1024_i400/acc.0.38
LOG (ivector-extractor-sum-accs[5.5.433~1452-7637d]:main():ivector-extractor-sum-accs.cc:74) Reading stats from exp/extractor_diag_c1024_i400/acc.0.39
LOG (ivector-extractor-sum-accs[5.5.433~1452-7637d]:main():ivector-extractor-sum-accs.cc:74) Reading stats from exp/extractor_diag_c1024_i400/acc.0.40
LOG (ivector-extractor-sum-accs[5.5.433~1452-7637d]:main():ivector-extractor-sum-accs.cc:83) Wrote summed stats to exp/extractor_diag_c1024_i400/acc.0
# Ended (code 0) at Tue Jul 21 07:42:43 SGT 2020, elapsed time 77 seconds
