# ivector-extractor-sum-accs exp/extractor_diag_c1024_i400/acc.4.1 exp/extractor_diag_c1024_i400/acc.4.2 exp/extractor_diag_c1024_i400/acc.4.3 exp/extractor_diag_c1024_i400/acc.4.4 exp/extractor_diag_c1024_i400/acc.4.5 exp/extractor_diag_c1024_i400/acc.4.6 exp/extractor_diag_c1024_i400/acc.4.7 exp/extractor_diag_c1024_i400/acc.4.8 exp/extractor_diag_c1024_i400/acc.4.9 exp/extractor_diag_c1024_i400/acc.4.10 exp/extractor_diag_c1024_i400/acc.4.11 exp/extractor_diag_c1024_i400/acc.4.12 exp/extractor_diag_c1024_i400/acc.4.13 exp/extractor_diag_c1024_i400/acc.4.14 exp/extractor_diag_c1024_i400/acc.4.15 exp/extractor_diag_c1024_i400/acc.4.16 exp/extractor_diag_c1024_i400/acc.4.17 exp/extractor_diag_c1024_i400/acc.4.18 exp/extractor_diag_c1024_i400/acc.4.19 exp/extractor_diag_c1024_i400/acc.4.20 exp/extractor_diag_c1024_i400/acc.4.21 exp/extractor_diag_c1024_i400/acc.4.22 exp/extractor_diag_c1024_i400/acc.4.23 exp/extractor_diag_c1024_i400/acc.4.24 exp/extractor_diag_c1024_i400/acc.4.25 exp/extractor_diag_c1024_i400/acc.4.26 exp/extractor_diag_c1024_i400/acc.4.27 exp/extractor_diag_c1024_i400/acc.4.28 exp/extractor_diag_c1024_i400/acc.4.29 exp/extractor_diag_c1024_i400/acc.4.30 exp/extractor_diag_c1024_i400/acc.4.31 exp/extractor_diag_c1024_i400/acc.4.32 exp/extractor_diag_c1024_i400/acc.4.33 exp/extractor_diag_c1024_i400/acc.4.34 exp/extractor_diag_c1024_i400/acc.4.35 exp/extractor_diag_c1024_i400/acc.4.36 exp/extractor_diag_c1024_i400/acc.4.37 exp/extractor_diag_c1024_i400/acc.4.38 exp/extractor_diag_c1024_i400/acc.4.39 exp/extractor_diag_c1024_i400/acc.4.40 exp/extractor_diag_c1024_i400/acc.4 
# Invoked at Tue Jul 21 08:07:01 SGT 2020 from node04
#
# Started at Tue Jul 21 08:07:17 SGT 2020 on node04
ivector-extractor-sum-accs exp/extractor_diag_c1024_i400/acc.4.1 exp/extractor_diag_c1024_i400/acc.4.2 exp/extractor_diag_c1024_i400/acc.4.3 exp/extractor_diag_c1024_i400/acc.4.4 exp/extractor_diag_c1024_i400/acc.4.5 exp/extractor_diag_c1024_i400/acc.4.6 exp/extractor_diag_c1024_i400/acc.4.7 exp/extractor_diag_c1024_i400/acc.4.8 exp/extractor_diag_c1024_i400/acc.4.9 exp/extractor_diag_c1024_i400/acc.4.10 exp/extractor_diag_c1024_i400/acc.4.11 exp/extractor_diag_c1024_i400/acc.4.12 exp/extractor_diag_c1024_i400/acc.4.13 exp/extractor_diag_c1024_i400/acc.4.14 exp/extractor_diag_c1024_i400/acc.4.15 exp/extractor_diag_c1024_i400/acc.4.16 exp/extractor_diag_c1024_i400/acc.4.17 exp/extractor_diag_c1024_i400/acc.4.18 exp/extractor_diag_c1024_i400/acc.4.19 exp/extractor_diag_c1024_i400/acc.4.20 exp/extractor_diag_c1024_i400/acc.4.21 exp/extractor_diag_c1024_i400/acc.4.22 exp/extractor_diag_c1024_i400/acc.4.23 exp/extractor_diag_c1024_i400/acc.4.24 exp/extractor_diag_c1024_i400/acc.4.25 exp/extractor_diag_c1024_i400/acc.4.26 exp/extractor_diag_c1024_i400/acc.4.27 exp/extractor_diag_c1024_i400/acc.4.28 exp/extractor_diag_c1024_i400/acc.4.29 exp/extractor_diag_c1024_i400/acc.4.30 exp/extractor_diag_c1024_i400/acc.4.31 exp/extractor_diag_c1024_i400/acc.4.32 exp/extractor_diag_c1024_i400/acc.4.33 exp/extractor_diag_c1024_i400/acc.4.34 exp/extractor_diag_c1024_i400/acc.4.35 exp/extractor_diag_c1024_i400/acc.4.36 exp/extractor_diag_c1024_i400/acc.4.37 exp/extractor_diag_c1024_i400/acc.4.38 exp/extractor_diag_c1024_i400/acc.4.39 exp/extractor_diag_c1024_i400/acc.4.40 exp/extractor_diag_c1024_i400/acc.4 
LOG (ivector-extractor-sum-accs[5.5.433~1452-7637d]:main():ivector-extractor-sum-accs.cc:74) Reading stats from exp/extractor_diag_c1024_i400/acc.4.1
LOG (ivector-extractor-sum-accs[5.5.433~1452-7637d]:main():ivector-extractor-sum-accs.cc:74) Reading stats from exp/extractor_diag_c1024_i400/acc.4.2
LOG (ivector-extractor-sum-accs[5.5.433~1452-7637d]:main():ivector-extractor-sum-accs.cc:74) Reading stats from exp/extractor_diag_c1024_i400/acc.4.3
LOG (ivector-extractor-sum-accs[5.5.433~1452-7637d]:main():ivector-extractor-sum-accs.cc:74) Reading stats from exp/extractor_diag_c1024_i400/acc.4.4
LOG (ivector-extractor-sum-accs[5.5.433~1452-7637d]:main():ivector-extractor-sum-accs.cc:74) Reading stats from exp/extractor_diag_c1024_i400/acc.4.5
LOG (ivector-extractor-sum-accs[5.5.433~1452-7637d]:main():ivector-extractor-sum-accs.cc:74) Reading stats from exp/extractor_diag_c1024_i400/acc.4.6
LOG (ivector-extractor-sum-accs[5.5.433~1452-7637d]:main():ivector-extractor-sum-accs.cc:74) Reading stats from exp/extractor_diag_c1024_i400/acc.4.7
LOG (ivector-extractor-sum-accs[5.5.433~1452-7637d]:main():ivector-extractor-sum-accs.cc:74) Reading stats from exp/extractor_diag_c1024_i400/acc.4.8
LOG (ivector-extractor-sum-accs[5.5.433~1452-7637d]:main():ivector-extractor-sum-accs.cc:74) Reading stats from exp/extractor_diag_c1024_i400/acc.4.9
LOG (ivector-extractor-sum-accs[5.5.433~1452-7637d]:main():ivector-extractor-sum-accs.cc:74) Reading stats from exp/extractor_diag_c1024_i400/acc.4.10
LOG (ivector-extractor-sum-accs[5.5.433~1452-7637d]:main():ivector-extractor-sum-accs.cc:74) Reading stats from exp/extractor_diag_c1024_i400/acc.4.11
LOG (ivector-extractor-sum-accs[5.5.433~1452-7637d]:main():ivector-extractor-sum-accs.cc:74) Reading stats from exp/extractor_diag_c1024_i400/acc.4.12
LOG (ivector-extractor-sum-accs[5.5.433~1452-7637d]:main():ivector-extractor-sum-accs.cc:74) Reading stats from exp/extractor_diag_c1024_i400/acc.4.13
LOG (ivector-extractor-sum-accs[5.5.433~1452-7637d]:main():ivector-extractor-sum-accs.cc:74) Reading stats from exp/extractor_diag_c1024_i400/acc.4.14
LOG (ivector-extractor-sum-accs[5.5.433~1452-7637d]:main():ivector-extractor-sum-accs.cc:74) Reading stats from exp/extractor_diag_c1024_i400/acc.4.15
LOG (ivector-extractor-sum-accs[5.5.433~1452-7637d]:main():ivector-extractor-sum-accs.cc:74) Reading stats from exp/extractor_diag_c1024_i400/acc.4.16
LOG (ivector-extractor-sum-accs[5.5.433~1452-7637d]:main():ivector-extractor-sum-accs.cc:74) Reading stats from exp/extractor_diag_c1024_i400/acc.4.17
LOG (ivector-extractor-sum-accs[5.5.433~1452-7637d]:main():ivector-extractor-sum-accs.cc:74) Reading stats from exp/extractor_diag_c1024_i400/acc.4.18
LOG (ivector-extractor-sum-accs[5.5.433~1452-7637d]:main():ivector-extractor-sum-accs.cc:74) Reading stats from exp/extractor_diag_c1024_i400/acc.4.19
LOG (ivector-extractor-sum-accs[5.5.433~1452-7637d]:main():ivector-extractor-sum-accs.cc:74) Reading stats from exp/extractor_diag_c1024_i400/acc.4.20
LOG (ivector-extractor-sum-accs[5.5.433~1452-7637d]:main():ivector-extractor-sum-accs.cc:74) Reading stats from exp/extractor_diag_c1024_i400/acc.4.21
LOG (ivector-extractor-sum-accs[5.5.433~1452-7637d]:main():ivector-extractor-sum-accs.cc:74) Reading stats from exp/extractor_diag_c1024_i400/acc.4.22
LOG (ivector-extractor-sum-accs[5.5.433~1452-7637d]:main():ivector-extractor-sum-accs.cc:74) Reading stats from exp/extractor_diag_c1024_i400/acc.4.23
LOG (ivector-extractor-sum-accs[5.5.433~1452-7637d]:main():ivector-extractor-sum-accs.cc:74) Reading stats from exp/extractor_diag_c1024_i400/acc.4.24
LOG (ivector-extractor-sum-accs[5.5.433~1452-7637d]:main():ivector-extractor-sum-accs.cc:74) Reading stats from exp/extractor_diag_c1024_i400/acc.4.25
LOG (ivector-extractor-sum-accs[5.5.433~1452-7637d]:main():ivector-extractor-sum-accs.cc:74) Reading stats from exp/extractor_diag_c1024_i400/acc.4.26
LOG (ivector-extractor-sum-accs[5.5.433~1452-7637d]:main():ivector-extractor-sum-accs.cc:74) Reading stats from exp/extractor_diag_c1024_i400/acc.4.27
LOG (ivector-extractor-sum-accs[5.5.433~1452-7637d]:main():ivector-extractor-sum-accs.cc:74) Reading stats from exp/extractor_diag_c1024_i400/acc.4.28
LOG (ivector-extractor-sum-accs[5.5.433~1452-7637d]:main():ivector-extractor-sum-accs.cc:74) Reading stats from exp/extractor_diag_c1024_i400/acc.4.29
LOG (ivector-extractor-sum-accs[5.5.433~1452-7637d]:main():ivector-extractor-sum-accs.cc:74) Reading stats from exp/extractor_diag_c1024_i400/acc.4.30
LOG (ivector-extractor-sum-accs[5.5.433~1452-7637d]:main():ivector-extractor-sum-accs.cc:74) Reading stats from exp/extractor_diag_c1024_i400/acc.4.31
LOG (ivector-extractor-sum-accs[5.5.433~1452-7637d]:main():ivector-extractor-sum-accs.cc:74) Reading stats from exp/extractor_diag_c1024_i400/acc.4.32
LOG (ivector-extractor-sum-accs[5.5.433~1452-7637d]:main():ivector-extractor-sum-accs.cc:74) Reading stats from exp/extractor_diag_c1024_i400/acc.4.33
LOG (ivector-extractor-sum-accs[5.5.433~1452-7637d]:main():ivector-extractor-sum-accs.cc:74) Reading stats from exp/extractor_diag_c1024_i400/acc.4.34
LOG (ivector-extractor-sum-accs[5.5.433~1452-7637d]:main():ivector-extractor-sum-accs.cc:74) Reading stats from exp/extractor_diag_c1024_i400/acc.4.35
LOG (ivector-extractor-sum-accs[5.5.433~1452-7637d]:main():ivector-extractor-sum-accs.cc:74) Reading stats from exp/extractor_diag_c1024_i400/acc.4.36
LOG (ivector-extractor-sum-accs[5.5.433~1452-7637d]:main():ivector-extractor-sum-accs.cc:74) Reading stats from exp/extractor_diag_c1024_i400/acc.4.37
LOG (ivector-extractor-sum-accs[5.5.433~1452-7637d]:main():ivector-extractor-sum-accs.cc:74) Reading stats from exp/extractor_diag_c1024_i400/acc.4.38
LOG (ivector-extractor-sum-accs[5.5.433~1452-7637d]:main():ivector-extractor-sum-accs.cc:74) Reading stats from exp/extractor_diag_c1024_i400/acc.4.39
LOG (ivector-extractor-sum-accs[5.5.433~1452-7637d]:main():ivector-extractor-sum-accs.cc:74) Reading stats from exp/extractor_diag_c1024_i400/acc.4.40
LOG (ivector-extractor-sum-accs[5.5.433~1452-7637d]:main():ivector-extractor-sum-accs.cc:83) Wrote summed stats to exp/extractor_diag_c1024_i400/acc.4
# Ended (code 0) at Tue Jul 21 08:08:07 SGT 2020, elapsed time 66 seconds
