# ivector-extractor-sum-accs exp/extractor_diag_c1024_i400/acc.2.1 exp/extractor_diag_c1024_i400/acc.2.2 exp/extractor_diag_c1024_i400/acc.2.3 exp/extractor_diag_c1024_i400/acc.2.4 exp/extractor_diag_c1024_i400/acc.2.5 exp/extractor_diag_c1024_i400/acc.2.6 exp/extractor_diag_c1024_i400/acc.2.7 exp/extractor_diag_c1024_i400/acc.2.8 exp/extractor_diag_c1024_i400/acc.2.9 exp/extractor_diag_c1024_i400/acc.2.10 exp/extractor_diag_c1024_i400/acc.2.11 exp/extractor_diag_c1024_i400/acc.2.12 exp/extractor_diag_c1024_i400/acc.2.13 exp/extractor_diag_c1024_i400/acc.2.14 exp/extractor_diag_c1024_i400/acc.2.15 exp/extractor_diag_c1024_i400/acc.2.16 exp/extractor_diag_c1024_i400/acc.2.17 exp/extractor_diag_c1024_i400/acc.2.18 exp/extractor_diag_c1024_i400/acc.2.19 exp/extractor_diag_c1024_i400/acc.2.20 exp/extractor_diag_c1024_i400/acc.2.21 exp/extractor_diag_c1024_i400/acc.2.22 exp/extractor_diag_c1024_i400/acc.2.23 exp/extractor_diag_c1024_i400/acc.2.24 exp/extractor_diag_c1024_i400/acc.2.25 exp/extractor_diag_c1024_i400/acc.2.26 exp/extractor_diag_c1024_i400/acc.2.27 exp/extractor_diag_c1024_i400/acc.2.28 exp/extractor_diag_c1024_i400/acc.2.29 exp/extractor_diag_c1024_i400/acc.2.30 exp/extractor_diag_c1024_i400/acc.2.31 exp/extractor_diag_c1024_i400/acc.2.32 exp/extractor_diag_c1024_i400/acc.2.33 exp/extractor_diag_c1024_i400/acc.2.34 exp/extractor_diag_c1024_i400/acc.2.35 exp/extractor_diag_c1024_i400/acc.2.36 exp/extractor_diag_c1024_i400/acc.2.37 exp/extractor_diag_c1024_i400/acc.2.38 exp/extractor_diag_c1024_i400/acc.2.39 exp/extractor_diag_c1024_i400/acc.2.40 exp/extractor_diag_c1024_i400/acc.2 
# Invoked at Tue Jul 21 07:54:19 SGT 2020 from node04
#
# Started at Tue Jul 21 07:54:36 SGT 2020 on node04
ivector-extractor-sum-accs exp/extractor_diag_c1024_i400/acc.2.1 exp/extractor_diag_c1024_i400/acc.2.2 exp/extractor_diag_c1024_i400/acc.2.3 exp/extractor_diag_c1024_i400/acc.2.4 exp/extractor_diag_c1024_i400/acc.2.5 exp/extractor_diag_c1024_i400/acc.2.6 exp/extractor_diag_c1024_i400/acc.2.7 exp/extractor_diag_c1024_i400/acc.2.8 exp/extractor_diag_c1024_i400/acc.2.9 exp/extractor_diag_c1024_i400/acc.2.10 exp/extractor_diag_c1024_i400/acc.2.11 exp/extractor_diag_c1024_i400/acc.2.12 exp/extractor_diag_c1024_i400/acc.2.13 exp/extractor_diag_c1024_i400/acc.2.14 exp/extractor_diag_c1024_i400/acc.2.15 exp/extractor_diag_c1024_i400/acc.2.16 exp/extractor_diag_c1024_i400/acc.2.17 exp/extractor_diag_c1024_i400/acc.2.18 exp/extractor_diag_c1024_i400/acc.2.19 exp/extractor_diag_c1024_i400/acc.2.20 exp/extractor_diag_c1024_i400/acc.2.21 exp/extractor_diag_c1024_i400/acc.2.22 exp/extractor_diag_c1024_i400/acc.2.23 exp/extractor_diag_c1024_i400/acc.2.24 exp/extractor_diag_c1024_i400/acc.2.25 exp/extractor_diag_c1024_i400/acc.2.26 exp/extractor_diag_c1024_i400/acc.2.27 exp/extractor_diag_c1024_i400/acc.2.28 exp/extractor_diag_c1024_i400/acc.2.29 exp/extractor_diag_c1024_i400/acc.2.30 exp/extractor_diag_c1024_i400/acc.2.31 exp/extractor_diag_c1024_i400/acc.2.32 exp/extractor_diag_c1024_i400/acc.2.33 exp/extractor_diag_c1024_i400/acc.2.34 exp/extractor_diag_c1024_i400/acc.2.35 exp/extractor_diag_c1024_i400/acc.2.36 exp/extractor_diag_c1024_i400/acc.2.37 exp/extractor_diag_c1024_i400/acc.2.38 exp/extractor_diag_c1024_i400/acc.2.39 exp/extractor_diag_c1024_i400/acc.2.40 exp/extractor_diag_c1024_i400/acc.2 
LOG (ivector-extractor-sum-accs[5.5.433~1452-7637d]:main():ivector-extractor-sum-accs.cc:74) Reading stats from exp/extractor_diag_c1024_i400/acc.2.1
LOG (ivector-extractor-sum-accs[5.5.433~1452-7637d]:main():ivector-extractor-sum-accs.cc:74) Reading stats from exp/extractor_diag_c1024_i400/acc.2.2
LOG (ivector-extractor-sum-accs[5.5.433~1452-7637d]:main():ivector-extractor-sum-accs.cc:74) Reading stats from exp/extractor_diag_c1024_i400/acc.2.3
LOG (ivector-extractor-sum-accs[5.5.433~1452-7637d]:main():ivector-extractor-sum-accs.cc:74) Reading stats from exp/extractor_diag_c1024_i400/acc.2.4
LOG (ivector-extractor-sum-accs[5.5.433~1452-7637d]:main():ivector-extractor-sum-accs.cc:74) Reading stats from exp/extractor_diag_c1024_i400/acc.2.5
LOG (ivector-extractor-sum-accs[5.5.433~1452-7637d]:main():ivector-extractor-sum-accs.cc:74) Reading stats from exp/extractor_diag_c1024_i400/acc.2.6
LOG (ivector-extractor-sum-accs[5.5.433~1452-7637d]:main():ivector-extractor-sum-accs.cc:74) Reading stats from exp/extractor_diag_c1024_i400/acc.2.7
LOG (ivector-extractor-sum-accs[5.5.433~1452-7637d]:main():ivector-extractor-sum-accs.cc:74) Reading stats from exp/extractor_diag_c1024_i400/acc.2.8
LOG (ivector-extractor-sum-accs[5.5.433~1452-7637d]:main():ivector-extractor-sum-accs.cc:74) Reading stats from exp/extractor_diag_c1024_i400/acc.2.9
LOG (ivector-extractor-sum-accs[5.5.433~1452-7637d]:main():ivector-extractor-sum-accs.cc:74) Reading stats from exp/extractor_diag_c1024_i400/acc.2.10
LOG (ivector-extractor-sum-accs[5.5.433~1452-7637d]:main():ivector-extractor-sum-accs.cc:74) Reading stats from exp/extractor_diag_c1024_i400/acc.2.11
LOG (ivector-extractor-sum-accs[5.5.433~1452-7637d]:main():ivector-extractor-sum-accs.cc:74) Reading stats from exp/extractor_diag_c1024_i400/acc.2.12
LOG (ivector-extractor-sum-accs[5.5.433~1452-7637d]:main():ivector-extractor-sum-accs.cc:74) Reading stats from exp/extractor_diag_c1024_i400/acc.2.13
LOG (ivector-extractor-sum-accs[5.5.433~1452-7637d]:main():ivector-extractor-sum-accs.cc:74) Reading stats from exp/extractor_diag_c1024_i400/acc.2.14
LOG (ivector-extractor-sum-accs[5.5.433~1452-7637d]:main():ivector-extractor-sum-accs.cc:74) Reading stats from exp/extractor_diag_c1024_i400/acc.2.15
LOG (ivector-extractor-sum-accs[5.5.433~1452-7637d]:main():ivector-extractor-sum-accs.cc:74) Reading stats from exp/extractor_diag_c1024_i400/acc.2.16
LOG (ivector-extractor-sum-accs[5.5.433~1452-7637d]:main():ivector-extractor-sum-accs.cc:74) Reading stats from exp/extractor_diag_c1024_i400/acc.2.17
LOG (ivector-extractor-sum-accs[5.5.433~1452-7637d]:main():ivector-extractor-sum-accs.cc:74) Reading stats from exp/extractor_diag_c1024_i400/acc.2.18
LOG (ivector-extractor-sum-accs[5.5.433~1452-7637d]:main():ivector-extractor-sum-accs.cc:74) Reading stats from exp/extractor_diag_c1024_i400/acc.2.19
LOG (ivector-extractor-sum-accs[5.5.433~1452-7637d]:main():ivector-extractor-sum-accs.cc:74) Reading stats from exp/extractor_diag_c1024_i400/acc.2.20
LOG (ivector-extractor-sum-accs[5.5.433~1452-7637d]:main():ivector-extractor-sum-accs.cc:74) Reading stats from exp/extractor_diag_c1024_i400/acc.2.21
LOG (ivector-extractor-sum-accs[5.5.433~1452-7637d]:main():ivector-extractor-sum-accs.cc:74) Reading stats from exp/extractor_diag_c1024_i400/acc.2.22
LOG (ivector-extractor-sum-accs[5.5.433~1452-7637d]:main():ivector-extractor-sum-accs.cc:74) Reading stats from exp/extractor_diag_c1024_i400/acc.2.23
LOG (ivector-extractor-sum-accs[5.5.433~1452-7637d]:main():ivector-extractor-sum-accs.cc:74) Reading stats from exp/extractor_diag_c1024_i400/acc.2.24
LOG (ivector-extractor-sum-accs[5.5.433~1452-7637d]:main():ivector-extractor-sum-accs.cc:74) Reading stats from exp/extractor_diag_c1024_i400/acc.2.25
LOG (ivector-extractor-sum-accs[5.5.433~1452-7637d]:main():ivector-extractor-sum-accs.cc:74) Reading stats from exp/extractor_diag_c1024_i400/acc.2.26
LOG (ivector-extractor-sum-accs[5.5.433~1452-7637d]:main():ivector-extractor-sum-accs.cc:74) Reading stats from exp/extractor_diag_c1024_i400/acc.2.27
LOG (ivector-extractor-sum-accs[5.5.433~1452-7637d]:main():ivector-extractor-sum-accs.cc:74) Reading stats from exp/extractor_diag_c1024_i400/acc.2.28
LOG (ivector-extractor-sum-accs[5.5.433~1452-7637d]:main():ivector-extractor-sum-accs.cc:74) Reading stats from exp/extractor_diag_c1024_i400/acc.2.29
LOG (ivector-extractor-sum-accs[5.5.433~1452-7637d]:main():ivector-extractor-sum-accs.cc:74) Reading stats from exp/extractor_diag_c1024_i400/acc.2.30
LOG (ivector-extractor-sum-accs[5.5.433~1452-7637d]:main():ivector-extractor-sum-accs.cc:74) Reading stats from exp/extractor_diag_c1024_i400/acc.2.31
LOG (ivector-extractor-sum-accs[5.5.433~1452-7637d]:main():ivector-extractor-sum-accs.cc:74) Reading stats from exp/extractor_diag_c1024_i400/acc.2.32
LOG (ivector-extractor-sum-accs[5.5.433~1452-7637d]:main():ivector-extractor-sum-accs.cc:74) Reading stats from exp/extractor_diag_c1024_i400/acc.2.33
LOG (ivector-extractor-sum-accs[5.5.433~1452-7637d]:main():ivector-extractor-sum-accs.cc:74) Reading stats from exp/extractor_diag_c1024_i400/acc.2.34
LOG (ivector-extractor-sum-accs[5.5.433~1452-7637d]:main():ivector-extractor-sum-accs.cc:74) Reading stats from exp/extractor_diag_c1024_i400/acc.2.35
LOG (ivector-extractor-sum-accs[5.5.433~1452-7637d]:main():ivector-extractor-sum-accs.cc:74) Reading stats from exp/extractor_diag_c1024_i400/acc.2.36
LOG (ivector-extractor-sum-accs[5.5.433~1452-7637d]:main():ivector-extractor-sum-accs.cc:74) Reading stats from exp/extractor_diag_c1024_i400/acc.2.37
LOG (ivector-extractor-sum-accs[5.5.433~1452-7637d]:main():ivector-extractor-sum-accs.cc:74) Reading stats from exp/extractor_diag_c1024_i400/acc.2.38
LOG (ivector-extractor-sum-accs[5.5.433~1452-7637d]:main():ivector-extractor-sum-accs.cc:74) Reading stats from exp/extractor_diag_c1024_i400/acc.2.39
LOG (ivector-extractor-sum-accs[5.5.433~1452-7637d]:main():ivector-extractor-sum-accs.cc:74) Reading stats from exp/extractor_diag_c1024_i400/acc.2.40
LOG (ivector-extractor-sum-accs[5.5.433~1452-7637d]:main():ivector-extractor-sum-accs.cc:83) Wrote summed stats to exp/extractor_diag_c1024_i400/acc.2
# Ended (code 0) at Tue Jul 21 07:55:38 SGT 2020, elapsed time 79 seconds
